<?xml version="1.0" encoding="UTF-8"?>
<testsuite xmlns:xsi="http://www.w3.org/2001/XMLSchema-instance" xsi:noNamespaceSchemaLocation="https://maven.apache.org/surefire/maven-surefire-plugin/xsd/surefire-test-report-3.0.xsd" version="3.0" name="com.train.booking.service.SimulatedJourneyDetectionTest" time="58.049" tests="1" errors="0" skipped="0" failures="0">
  <properties>
[...]
</properties>
  <testcase name="simulatedJourneyDetection_largeDataset" classname="com.train.booking.service.SimulatedJourneyDetectionTest" time="50.898">
    <system-out><![CDATA[13:03:21.439 [main] INFO org.springframework.test.context.support.AnnotationConfigContextLoaderUtils -- Could not detect default configuration classes for test class [com.train.booking.service.SimulatedJourneyDetectionTest]: SimulatedJourneyDetectionTest does not declare any static, non-private, non-final, nested classes annotated with @Configuration.
13:03:21.666 [main] INFO org.springframework.boot.test.context.SpringBootTestContextBootstrapper -- Found @SpringBootConfiguration com.train.booking.BookingServiceApplication for test class com.train.booking.service.SimulatedJourneyDetectionTest

  .   ____          _            __ _ _
 /\\ / ___'_ __ _ _(_)_ __  __ _ \ \ \ \
( ( )\___ | '_ | '_| | '_ \/ _` | \ \ \ \
 \\/  ___)| |_)| | | | | || (_| |  ) ) ) )
  '  |____| .__|_| |_|_| |_\__, | / / / /
 =========|_|==============|___/=/_/_/_/
 :: Spring Boot ::                (v3.2.5)

2026-04-16T13:03:22.138+01:00  INFO 13793 --- [booking-service] [           main] c.t.b.s.SimulatedJourneyDetectionTest    : Starting SimulatedJourneyDetectionTest using Java 25.0.1 with PID 13793 (started by martin in /Users/martin/frontend/booking-service)
2026-04-16T13:03:22.139+01:00  INFO 13793 --- [booking-service] [           main] c.t.b.s.SimulatedJourneyDetectionTest    : The following 1 profile is active: "test"
2026-04-16T13:03:23.050+01:00  INFO 13793 --- [booking-service] [           main] .s.d.r.c.RepositoryConfigurationDelegate : Bootstrapping Spring Data JPA repositories in DEFAULT mode.
2026-04-16T13:03:23.127+01:00  INFO 13793 --- [booking-service] [           main] .s.d.r.c.RepositoryConfigurationDelegate : Finished Spring Data repository scanning in 71 ms. Found 24 JPA repository interfaces.
2026-04-16T13:03:23.601+01:00  INFO 13793 --- [booking-service] [           main] o.hibernate.jpa.internal.util.LogHelper  : HHH000204: Processing PersistenceUnitInfo [name: default]
2026-04-16T13:03:23.643+01:00  INFO 13793 --- [booking-service] [           main] org.hibernate.Version                    : HHH000412: Hibernate ORM core version 6.4.4.Final
2026-04-16T13:03:23.669+01:00  INFO 13793 --- [booking-service] [           main] o.h.c.internal.RegionFactoryInitiator    : HHH000026: Second-level cache disabled
2026-04-16T13:03:23.869+01:00  INFO 13793 --- [booking-service] [           main] o.s.o.j.p.SpringPersistenceUnitInfo      : No LoadTimeWeaver setup: ignoring JPA class transformer
2026-04-16T13:03:23.894+01:00  INFO 13793 --- [booking-service] [           main] com.zaxxer.hikari.HikariDataSource       : HikariPool-1 - Starting...
2026-04-16T13:03:24.048+01:00  INFO 13793 --- [booking-service] [           main] com.zaxxer.hikari.pool.HikariPool        : HikariPool-1 - Added connection conn0: url=jdbc:h2:mem:testdb user=SA
2026-04-16T13:03:24.049+01:00  INFO 13793 --- [booking-service] [           main] com.zaxxer.hikari.HikariDataSource       : HikariPool-1 - Start completed.
2026-04-16T13:03:24.069+01:00  WARN 13793 --- [booking-service] [           main] org.hibernate.orm.deprecation            : HHH90000025: H2Dialect does not need to be specified explicitly using 'hibernate.dialect' (remove the property setting and it will be selected by default)
2026-04-16T13:03:25.022+01:00  INFO 13793 --- [booking-service] [           main] o.h.e.t.j.p.i.JtaPlatformInitiator       : HHH000489: No JTA platform available (set 'hibernate.transaction.jta.platform' to enable JTA platform integration)
2026-04-16T13:03:25.101+01:00  INFO 13793 --- [booking-service] [           main] j.LocalContainerEntityManagerFactoryBean : Initialized JPA EntityManagerFactory for persistence unit 'default'
2026-04-16T13:03:25.453+01:00  INFO 13793 --- [booking-service] [           main] o.s.d.j.r.query.QueryEnhancerFactory     : Hibernate is in classpath; If applicable, HQL parser will be used.
2026-04-16T13:03:26.705+01:00  WARN 13793 --- [booking-service] [           main] JpaBaseConfiguration$JpaWebConfiguration : spring.jpa.open-in-view is enabled by default. Therefore, database queries may be performed during view rendering. Explicitly configure spring.jpa.open-in-view to disable this warning
2026-04-16T13:03:27.245+01:00  INFO 13793 --- [booking-service] [           main] o.s.b.a.h2.H2ConsoleAutoConfiguration    : H2 console available at '/h2-console'. Database available at 'jdbc:h2:mem:testdb'
2026-04-16T13:03:27.301+01:00  INFO 13793 --- [booking-service] [           main] o.s.b.a.e.web.EndpointLinksResolver      : Exposing 3 endpoint(s) beneath base path '/actuator'
2026-04-16T13:03:27.453+01:00  INFO 13793 --- [booking-service] [           main] c.t.b.s.SimulatedJourneyDetectionTest    : Started SimulatedJourneyDetectionTest in 5.624 seconds (process running for 6.667)
2026-04-16T13:03:27.647+01:00  INFO 13793 --- [booking-service] [           main] .b.c.SimulatedJourneyTestDataInitializer : Seeding simulated journey test data: geofences + trips
2026-04-16T13:03:28.351+01:00  INFO 13793 --- [booking-service] [           main] .DropReservationTripSeatUniqueConstraint : Dropped legacy unique index on reservations(trip_seat_id): UK_3Q44SFBSAJOR2QVWVN4Y26MMH_INDEX_4
2026-04-16T13:03:29.369+01:00  INFO 13793 --- [booking-service] [           main] c.train.booking.service.PricingService   : Pricing Drools container built successfully
2026-04-16T13:03:29.369+01:00  INFO 13793 --- [booking-service] [           main] o.d.c.kie.builder.impl.KieContainerImpl  : Start creation of KieBase: defaultKieBase
2026-04-16T13:03:29.419+01:00  INFO 13793 --- [booking-service] [           main] o.d.c.kie.builder.impl.KieContainerImpl  : End creation of KieBase: defaultKieBase
2026-04-16T13:03:29.475+01:00  INFO 13793 --- [booking-service] [           main] c.train.booking.service.PricingService   : Pricing via Drools: tripId=1 tier=ANYTIME price=10.00
2026-04-16T13:03:29.647+01:00  INFO 13793 --- [booking-service] [           main] o.d.c.kie.builder.impl.KieContainerImpl  : Start creation of KieBase: defaultKieBase
2026-04-16T13:03:29.652+01:00  INFO 13793 --- [booking-service] [           main] o.d.c.kie.builder.impl.KieContainerImpl  : End creation of KieBase: defaultKieBase
2026-04-16T13:03:29.703+01:00  INFO 13793 --- [booking-service] [           main] o.d.c.kie.builder.impl.KieContainerImpl  : Start creation of KieBase: defaultKieBase
2026-04-16T13:03:29.706+01:00  INFO 13793 --- [booking-service] [           main] o.d.c.kie.builder.impl.KieContainerImpl  : End creation of KieBase: defaultKieBase
2026-04-16T13:03:29.715+01:00  INFO 13793 --- [booking-service] [           main] c.t.b.service.GeofenceRulesService       : No ticket at entry: created StationEntryAction and notification for user sim-valid-0 at Sheffield
2026-04-16T13:03:29.718+01:00  INFO 13793 --- [booking-service] [           main] c.t.b.p.farepolicy.FarePolicyConsumer    : platformTrace module=fare-policy action=JourneySegmentConfirmed outcome=received correlationId=678d3580-4815-4a88-9b36-22e3da722874 eventId=aa8715f4-a539-4327-a0df-d91b3b5167f9 userId=sim-valid-0
2026-04-16T13:03:29.752+01:00  INFO 13793 --- [booking-service] [           main] c.t.b.event.TripSegmentEventListener     : EVENT TripSegmentCreated: passenger=sim-valid-0 Leeds→Sheffield fareStatus=PAID
2026-04-16T13:03:29.752+01:00  INFO 13793 --- [booking-service] [           main] c.t.booking.service.TripSegmentService   : TripSegment PAID: passenger=sim-valid-0 Leeds→Sheffield
2026-04-16T13:03:29.761+01:00  INFO 13793 --- [booking-service] [           main] c.t.b.p.farepolicy.FarePolicyConsumer    : platformTrace module=fare-policy action=FareValidated outcome=PAID correlationId=678d3580-4815-4a88-9b36-22e3da722874 eventId=aa8715f4-a539-4327-a0df-d91b3b5167f9 userId=sim-valid-0
2026-04-16T13:03:29.959+01:00  INFO 13793 --- [booking-service] [           main] o.d.c.kie.builder.impl.KieContainerImpl  : Start creation of KieBase: defaultKieBase
2026-04-16T13:03:29.977+01:00  INFO 13793 --- [booking-service] [           main] o.d.c.kie.builder.impl.KieContainerImpl  : End creation of KieBase: defaultKieBase
2026-04-16T13:03:30.051+01:00  INFO 13793 --- [booking-service] [           main] c.train.booking.service.PricingService   : Pricing via Drools: tripId=1 tier=ANYTIME price=10.00
2026-04-16T13:03:30.108+01:00  INFO 13793 --- [booking-service] [           main] o.d.c.kie.builder.impl.KieContainerImpl  : Start creation of KieBase: defaultKieBase
2026-04-16T13:03:30.111+01:00  INFO 13793 --- [booking-service] [           main] o.d.c.kie.builder.impl.KieContainerImpl  : End creation of KieBase: defaultKieBase
2026-04-16T13:03:30.151+01:00  INFO 13793 --- [booking-service] [           main] o.d.c.kie.builder.impl.KieContainerImpl  : Start creation of KieBase: defaultKieBase
2026-04-16T13:03:30.153+01:00  INFO 13793 --- [booking-service] [           main] o.d.c.kie.builder.impl.KieContainerImpl  : End creation of KieBase: defaultKieBase
2026-04-16T13:03:30.159+01:00  INFO 13793 --- [booking-service] [           main] c.t.b.service.GeofenceRulesService       : No ticket at entry: created StationEntryAction and notification for user sim-valid-1 at Sheffield
2026-04-16T13:03:30.160+01:00  INFO 13793 --- [booking-service] [           main] c.t.b.p.farepolicy.FarePolicyConsumer    : platformTrace module=fare-policy action=JourneySegmentConfirmed outcome=received correlationId=2224bd95-ea8d-4a30-a727-fe2ba7d68158 eventId=a61e7682-adc5-4622-897d-15d3777aa783 userId=sim-valid-1
2026-04-16T13:03:30.174+01:00  INFO 13793 --- [booking-service] [           main] c.t.b.event.TripSegmentEventListener     : EVENT TripSegmentCreated: passenger=sim-valid-1 Leeds→Sheffield fareStatus=PAID
2026-04-16T13:03:30.175+01:00  INFO 13793 --- [booking-service] [           main] c.t.booking.service.TripSegmentService   : TripSegment PAID: passenger=sim-valid-1 Leeds→Sheffield
2026-04-16T13:03:30.179+01:00  INFO 13793 --- [booking-service] [           main] c.t.b.p.farepolicy.FarePolicyConsumer    : platformTrace module=fare-policy action=FareValidated outcome=PAID correlationId=2224bd95-ea8d-4a30-a727-fe2ba7d68158 eventId=a61e7682-adc5-4622-897d-15d3777aa783 userId=sim-valid-1
2026-04-16T13:03:30.268+01:00  INFO 13793 --- [booking-service] [           main] o.d.c.kie.builder.impl.KieContainerImpl  : Start creation of KieBase: defaultKieBase
2026-04-16T13:03:30.276+01:00  INFO 13793 --- [booking-service] [           main] o.d.c.kie.builder.impl.KieContainerImpl  : End creation of KieBase: defaultKieBase
2026-04-16T13:03:30.324+01:00  INFO 13793 --- [booking-service] [           main] c.train.booking.service.PricingService   : Pricing via Drools: tripId=1 tier=ANYTIME price=10.00
2026-04-16T13:03:30.374+01:00  INFO 13793 --- [booking-service] [           main] o.d.c.kie.builder.impl.KieContainerImpl  : Start creation of KieBase: defaultKieBase
2026-04-16T13:03:30.378+01:00  INFO 13793 --- [booking-service] [           main] o.d.c.kie.builder.impl.KieContainerImpl  : End creation of KieBase: defaultKieBase
2026-04-16T13:03:30.414+01:00  INFO 13793 --- [booking-service] [           main] o.d.c.kie.builder.impl.KieContainerImpl  : Start creation of KieBase: defaultKieBase
2026-04-16T13:03:30.423+01:00  INFO 13793 --- [booking-service] [           main] o.d.c.kie.builder.impl.KieContainerImpl  : End creation of KieBase: defaultKieBase
2026-04-16T13:03:30.428+01:00  INFO 13793 --- [booking-service] [           main] c.t.b.service.GeofenceRulesService       : No ticket at entry: created StationEntryAction and notification for user sim-valid-2 at Sheffield
2026-04-16T13:03:30.429+01:00  INFO 13793 --- [booking-service] [           main] c.t.b.p.farepolicy.FarePolicyConsumer    : platformTrace module=fare-policy action=JourneySegmentConfirmed outcome=received correlationId=43b6d3de-8767-462d-978d-c5f50f8ed365 eventId=d1787e04-c4fc-4c40-9ac5-b045fa85a82e userId=sim-valid-2
2026-04-16T13:03:30.439+01:00  INFO 13793 --- [booking-service] [           main] c.t.b.event.TripSegmentEventListener     : EVENT TripSegmentCreated: passenger=sim-valid-2 Leeds→Sheffield fareStatus=PAID
2026-04-16T13:03:30.439+01:00  INFO 13793 --- [booking-service] [           main] c.t.booking.service.TripSegmentService   : TripSegment PAID: passenger=sim-valid-2 Leeds→Sheffield
2026-04-16T13:03:30.443+01:00  INFO 13793 --- [booking-service] [           main] c.t.b.p.farepolicy.FarePolicyConsumer    : platformTrace module=fare-policy action=FareValidated outcome=PAID correlationId=43b6d3de-8767-462d-978d-c5f50f8ed365 eventId=d1787e04-c4fc-4c40-9ac5-b045fa85a82e userId=sim-valid-2
2026-04-16T13:03:30.526+01:00  INFO 13793 --- [booking-service] [           main] o.d.c.kie.builder.impl.KieContainerImpl  : Start creation of KieBase: defaultKieBase
2026-04-16T13:03:30.535+01:00  INFO 13793 --- [booking-service] [           main] o.d.c.kie.builder.impl.KieContainerImpl  : End creation of KieBase: defaultKieBase
2026-04-16T13:03:30.584+01:00  INFO 13793 --- [booking-service] [           main] c.train.booking.service.PricingService   : Pricing via Drools: tripId=1 tier=ANYTIME price=10.00
2026-04-16T13:03:30.634+01:00  INFO 13793 --- [booking-service] [           main] o.d.c.kie.builder.impl.KieContainerImpl  : Start creation of KieBase: defaultKieBase
2026-04-16T13:03:30.637+01:00  INFO 13793 --- [booking-service] [           main] o.d.c.kie.builder.impl.KieContainerImpl  : End creation of KieBase: defaultKieBase
2026-04-16T13:03:30.685+01:00  INFO 13793 --- [booking-service] [           main] o.d.c.kie.builder.impl.KieContainerImpl  : Start creation of KieBase: defaultKieBase
2026-04-16T13:03:30.688+01:00  INFO 13793 --- [booking-service] [           main] o.d.c.kie.builder.impl.KieContainerImpl  : End creation of KieBase: defaultKieBase
2026-04-16T13:03:30.694+01:00  INFO 13793 --- [booking-service] [           main] c.t.b.service.GeofenceRulesService       : No ticket at entry: created StationEntryAction and notification for user sim-valid-3 at Sheffield
2026-04-16T13:03:30.695+01:00  INFO 13793 --- [booking-service] [           main] c.t.b.p.farepolicy.FarePolicyConsumer    : platformTrace module=fare-policy action=JourneySegmentConfirmed outcome=received correlationId=5717640c-4493-40a6-8af1-79554f6e7fa6 eventId=52ecc517-b31a-4c1f-9d97-b3f614d02380 userId=sim-valid-3
2026-04-16T13:03:30.708+01:00  INFO 13793 --- [booking-service] [           main] c.t.b.event.TripSegmentEventListener     : EVENT TripSegmentCreated: passenger=sim-valid-3 Leeds→Sheffield fareStatus=PAID
2026-04-16T13:03:30.709+01:00  INFO 13793 --- [booking-service] [           main] c.t.booking.service.TripSegmentService   : TripSegment PAID: passenger=sim-valid-3 Leeds→Sheffield
2026-04-16T13:03:30.713+01:00  INFO 13793 --- [booking-service] [           main] c.t.b.p.farepolicy.FarePolicyConsumer    : platformTrace module=fare-policy action=FareValidated outcome=PAID correlationId=5717640c-4493-40a6-8af1-79554f6e7fa6 eventId=52ecc517-b31a-4c1f-9d97-b3f614d02380 userId=sim-valid-3
2026-04-16T13:03:30.820+01:00  INFO 13793 --- [booking-service] [           main] o.d.c.kie.builder.impl.KieContainerImpl  : Start creation of KieBase: defaultKieBase
2026-04-16T13:03:30.831+01:00  INFO 13793 --- [booking-service] [           main] o.d.c.kie.builder.impl.KieContainerImpl  : End creation of KieBase: defaultKieBase
2026-04-16T13:03:30.887+01:00  INFO 13793 --- [booking-service] [           main] c.train.booking.service.PricingService   : Pricing via Drools: tripId=2 tier=ANYTIME price=10.00
2026-04-16T13:03:30.937+01:00  INFO 13793 --- [booking-service] [           main] o.d.c.kie.builder.impl.KieContainerImpl  : Start creation of KieBase: defaultKieBase
2026-04-16T13:03:30.940+01:00  INFO 13793 --- [booking-service] [           main] o.d.c.kie.builder.impl.KieContainerImpl  : End creation of KieBase: defaultKieBase
2026-04-16T13:03:30.984+01:00  INFO 13793 --- [booking-service] [           main] o.d.c.kie.builder.impl.KieContainerImpl  : Start creation of KieBase: defaultKieBase
2026-04-16T13:03:30.986+01:00  INFO 13793 --- [booking-service] [           main] o.d.c.kie.builder.impl.KieContainerImpl  : End creation of KieBase: defaultKieBase
2026-04-16T13:03:30.991+01:00  INFO 13793 --- [booking-service] [           main] c.t.b.service.GeofenceRulesService       : No ticket at entry: created StationEntryAction and notification for user sim-valid-4 at Sheffield
2026-04-16T13:03:30.992+01:00  INFO 13793 --- [booking-service] [           main] c.t.b.p.farepolicy.FarePolicyConsumer    : platformTrace module=fare-policy action=JourneySegmentConfirmed outcome=received correlationId=d00a2148-86a6-4179-b6cf-c7039a709213 eventId=0173a26c-b4aa-49dd-9715-18e79ccbd024 userId=sim-valid-4
2026-04-16T13:03:31.001+01:00  INFO 13793 --- [booking-service] [           main] c.t.b.event.TripSegmentEventListener     : EVENT TripSegmentCreated: passenger=sim-valid-4 Leeds→Sheffield fareStatus=PAID
2026-04-16T13:03:31.002+01:00  INFO 13793 --- [booking-service] [           main] c.t.booking.service.TripSegmentService   : TripSegment PAID: passenger=sim-valid-4 Leeds→Sheffield
2026-04-16T13:03:31.005+01:00  INFO 13793 --- [booking-service] [           main] c.t.b.p.farepolicy.FarePolicyConsumer    : platformTrace module=fare-policy action=FareValidated outcome=PAID correlationId=d00a2148-86a6-4179-b6cf-c7039a709213 eventId=0173a26c-b4aa-49dd-9715-18e79ccbd024 userId=sim-valid-4
2026-04-16T13:03:31.081+01:00  INFO 13793 --- [booking-service] [           main] o.d.c.kie.builder.impl.KieContainerImpl  : Start creation of KieBase: defaultKieBase
2026-04-16T13:03:31.088+01:00  INFO 13793 --- [booking-service] [           main] o.d.c.kie.builder.impl.KieContainerImpl  : End creation of KieBase: defaultKieBase
2026-04-16T13:03:31.126+01:00  INFO 13793 --- [booking-service] [           main] c.train.booking.service.PricingService   : Pricing via Drools: tripId=2 tier=ANYTIME price=10.00
2026-04-16T13:03:31.165+01:00  INFO 13793 --- [booking-service] [           main] o.d.c.kie.builder.impl.KieContainerImpl  : Start creation of KieBase: defaultKieBase
2026-04-16T13:03:31.167+01:00  INFO 13793 --- [booking-service] [           main] o.d.c.kie.builder.impl.KieContainerImpl  : End creation of KieBase: defaultKieBase
2026-04-16T13:03:31.197+01:00  INFO 13793 --- [booking-service] [           main] o.d.c.kie.builder.impl.KieContainerImpl  : Start creation of KieBase: defaultKieBase
2026-04-16T13:03:31.199+01:00  INFO 13793 --- [booking-service] [           main] o.d.c.kie.builder.impl.KieContainerImpl  : End creation of KieBase: defaultKieBase
2026-04-16T13:03:31.203+01:00  INFO 13793 --- [booking-service] [           main] c.t.b.service.GeofenceRulesService       : No ticket at entry: created StationEntryAction and notification for user sim-valid-5 at Sheffield
2026-04-16T13:03:31.204+01:00  INFO 13793 --- [booking-service] [           main] c.t.b.p.farepolicy.FarePolicyConsumer    : platformTrace module=fare-policy action=JourneySegmentConfirmed outcome=received correlationId=884fa37d-9cda-4b81-a142-93e7067f3858 eventId=1a5a10a4-b5a7-4e76-a900-157e56b61e20 userId=sim-valid-5
2026-04-16T13:03:31.211+01:00  INFO 13793 --- [booking-service] [           main] c.t.b.event.TripSegmentEventListener     : EVENT TripSegmentCreated: passenger=sim-valid-5 Leeds→Sheffield fareStatus=PAID
2026-04-16T13:03:31.211+01:00  INFO 13793 --- [booking-service] [           main] c.t.booking.service.TripSegmentService   : TripSegment PAID: passenger=sim-valid-5 Leeds→Sheffield
2026-04-16T13:03:31.213+01:00  INFO 13793 --- [booking-service] [           main] c.t.b.p.farepolicy.FarePolicyConsumer    : platformTrace module=fare-policy action=FareValidated outcome=PAID correlationId=884fa37d-9cda-4b81-a142-93e7067f3858 eventId=1a5a10a4-b5a7-4e76-a900-157e56b61e20 userId=sim-valid-5
2026-04-16T13:03:31.285+01:00  INFO 13793 --- [booking-service] [           main] o.d.c.kie.builder.impl.KieContainerImpl  : Start creation of KieBase: defaultKieBase
2026-04-16T13:03:31.292+01:00  INFO 13793 --- [booking-service] [           main] o.d.c.kie.builder.impl.KieContainerImpl  : End creation of KieBase: defaultKieBase
2026-04-16T13:03:31.328+01:00  INFO 13793 --- [booking-service] [           main] c.train.booking.service.PricingService   : Pricing via Drools: tripId=2 tier=ANYTIME price=10.00
2026-04-16T13:03:31.369+01:00  INFO 13793 --- [booking-service] [           main] o.d.c.kie.builder.impl.KieContainerImpl  : Start creation of KieBase: defaultKieBase
2026-04-16T13:03:31.371+01:00  INFO 13793 --- [booking-service] [           main] o.d.c.kie.builder.impl.KieContainerImpl  : End creation of KieBase: defaultKieBase
2026-04-16T13:03:31.413+01:00  INFO 13793 --- [booking-service] [           main] o.d.c.kie.builder.impl.KieContainerImpl  : Start creation of KieBase: defaultKieBase
2026-04-16T13:03:31.416+01:00  INFO 13793 --- [booking-service] [           main] o.d.c.kie.builder.impl.KieContainerImpl  : End creation of KieBase: defaultKieBase
2026-04-16T13:03:31.420+01:00  INFO 13793 --- [booking-service] [           main] c.t.b.service.GeofenceRulesService       : No ticket at entry: created StationEntryAction and notification for user sim-valid-6 at Sheffield
2026-04-16T13:03:31.421+01:00  INFO 13793 --- [booking-service] [           main] c.t.b.p.farepolicy.FarePolicyConsumer    : platformTrace module=fare-policy action=JourneySegmentConfirmed outcome=received correlationId=bc0712f4-bb68-43f6-b5d8-e3690616509c eventId=eec83cd4-06c7-4e94-991c-82898c4f1b7f userId=sim-valid-6
2026-04-16T13:03:31.429+01:00  INFO 13793 --- [booking-service] [           main] c.t.b.event.TripSegmentEventListener     : EVENT TripSegmentCreated: passenger=sim-valid-6 Leeds→Sheffield fareStatus=PAID
2026-04-16T13:03:31.429+01:00  INFO 13793 --- [booking-service] [           main] c.t.booking.service.TripSegmentService   : TripSegment PAID: passenger=sim-valid-6 Leeds→Sheffield
2026-04-16T13:03:31.431+01:00  INFO 13793 --- [booking-service] [           main] c.t.b.p.farepolicy.FarePolicyConsumer    : platformTrace module=fare-policy action=FareValidated outcome=PAID correlationId=bc0712f4-bb68-43f6-b5d8-e3690616509c eventId=eec83cd4-06c7-4e94-991c-82898c4f1b7f userId=sim-valid-6
2026-04-16T13:03:31.512+01:00  INFO 13793 --- [booking-service] [           main] o.d.c.kie.builder.impl.KieContainerImpl  : Start creation of KieBase: defaultKieBase
2026-04-16T13:03:31.520+01:00  INFO 13793 --- [booking-service] [           main] o.d.c.kie.builder.impl.KieContainerImpl  : End creation of KieBase: defaultKieBase
2026-04-16T13:03:31.558+01:00  INFO 13793 --- [booking-service] [           main] c.train.booking.service.PricingService   : Pricing via Drools: tripId=2 tier=ANYTIME price=10.00
2026-04-16T13:03:31.597+01:00  INFO 13793 --- [booking-service] [           main] o.d.c.kie.builder.impl.KieContainerImpl  : Start creation of KieBase: defaultKieBase
2026-04-16T13:03:31.599+01:00  INFO 13793 --- [booking-service] [           main] o.d.c.kie.builder.impl.KieContainerImpl  : End creation of KieBase: defaultKieBase
2026-04-16T13:03:31.628+01:00  INFO 13793 --- [booking-service] [           main] o.d.c.kie.builder.impl.KieContainerImpl  : Start creation of KieBase: defaultKieBase
2026-04-16T13:03:31.631+01:00  INFO 13793 --- [booking-service] [           main] o.d.c.kie.builder.impl.KieContainerImpl  : End creation of KieBase: defaultKieBase
2026-04-16T13:03:31.634+01:00  INFO 13793 --- [booking-service] [           main] c.t.b.service.GeofenceRulesService       : No ticket at entry: created StationEntryAction and notification for user sim-valid-7 at Sheffield
2026-04-16T13:03:31.635+01:00  INFO 13793 --- [booking-service] [           main] c.t.b.p.farepolicy.FarePolicyConsumer    : platformTrace module=fare-policy action=JourneySegmentConfirmed outcome=received correlationId=be5fce8a-7611-4fb6-a6c5-f982d88aac6a eventId=517d5137-b1e2-459d-9466-09b70b0c52c1 userId=sim-valid-7
2026-04-16T13:03:31.642+01:00  INFO 13793 --- [booking-service] [           main] c.t.b.event.TripSegmentEventListener     : EVENT TripSegmentCreated: passenger=sim-valid-7 Leeds→Sheffield fareStatus=PAID
2026-04-16T13:03:31.642+01:00  INFO 13793 --- [booking-service] [           main] c.t.booking.service.TripSegmentService   : TripSegment PAID: passenger=sim-valid-7 Leeds→Sheffield
2026-04-16T13:03:31.645+01:00  INFO 13793 --- [booking-service] [           main] c.t.b.p.farepolicy.FarePolicyConsumer    : platformTrace module=fare-policy action=FareValidated outcome=PAID correlationId=be5fce8a-7611-4fb6-a6c5-f982d88aac6a eventId=517d5137-b1e2-459d-9466-09b70b0c52c1 userId=sim-valid-7
2026-04-16T13:03:31.712+01:00  INFO 13793 --- [booking-service] [           main] o.d.c.kie.builder.impl.KieContainerImpl  : Start creation of KieBase: defaultKieBase
2026-04-16T13:03:31.719+01:00  INFO 13793 --- [booking-service] [           main] o.d.c.kie.builder.impl.KieContainerImpl  : End creation of KieBase: defaultKieBase
2026-04-16T13:03:31.761+01:00  INFO 13793 --- [booking-service] [           main] c.train.booking.service.PricingService   : Pricing via Drools: tripId=3 tier=ANYTIME price=10.00
2026-04-16T13:03:31.804+01:00  INFO 13793 --- [booking-service] [           main] o.d.c.kie.builder.impl.KieContainerImpl  : Start creation of KieBase: defaultKieBase
2026-04-16T13:03:31.807+01:00  INFO 13793 --- [booking-service] [           main] o.d.c.kie.builder.impl.KieContainerImpl  : End creation of KieBase: defaultKieBase
2026-04-16T13:03:31.846+01:00  INFO 13793 --- [booking-service] [           main] o.d.c.kie.builder.impl.KieContainerImpl  : Start creation of KieBase: defaultKieBase
2026-04-16T13:03:31.850+01:00  INFO 13793 --- [booking-service] [           main] o.d.c.kie.builder.impl.KieContainerImpl  : End creation of KieBase: defaultKieBase
2026-04-16T13:03:31.860+01:00  INFO 13793 --- [booking-service] [           main] c.t.b.service.GeofenceRulesService       : No ticket at entry: created StationEntryAction and notification for user sim-valid-8 at Sheffield
2026-04-16T13:03:31.863+01:00  INFO 13793 --- [booking-service] [           main] c.t.b.p.farepolicy.FarePolicyConsumer    : platformTrace module=fare-policy action=JourneySegmentConfirmed outcome=received correlationId=db6f9d88-8e2d-4875-8e80-096407aeffd6 eventId=03a2734b-7fdd-43e4-90d2-210ffcfd07ff userId=sim-valid-8
2026-04-16T13:03:31.877+01:00  INFO 13793 --- [booking-service] [           main] c.t.b.event.TripSegmentEventListener     : EVENT TripSegmentCreated: passenger=sim-valid-8 Leeds→Sheffield fareStatus=PAID
2026-04-16T13:03:31.878+01:00  INFO 13793 --- [booking-service] [           main] c.t.booking.service.TripSegmentService   : TripSegment PAID: passenger=sim-valid-8 Leeds→Sheffield
2026-04-16T13:03:31.881+01:00  INFO 13793 --- [booking-service] [           main] c.t.b.p.farepolicy.FarePolicyConsumer    : platformTrace module=fare-policy action=FareValidated outcome=PAID correlationId=db6f9d88-8e2d-4875-8e80-096407aeffd6 eventId=03a2734b-7fdd-43e4-90d2-210ffcfd07ff userId=sim-valid-8
2026-04-16T13:03:32.043+01:00  INFO 13793 --- [booking-service] [           main] o.d.c.kie.builder.impl.KieContainerImpl  : Start creation of KieBase: defaultKieBase
2026-04-16T13:03:32.056+01:00  INFO 13793 --- [booking-service] [           main] o.d.c.kie.builder.impl.KieContainerImpl  : End creation of KieBase: defaultKieBase
2026-04-16T13:03:32.112+01:00  INFO 13793 --- [booking-service] [           main] c.train.booking.service.PricingService   : Pricing via Drools: tripId=3 tier=ANYTIME price=10.00
2026-04-16T13:03:32.155+01:00  INFO 13793 --- [booking-service] [           main] o.d.c.kie.builder.impl.KieContainerImpl  : Start creation of KieBase: defaultKieBase
2026-04-16T13:03:32.158+01:00  INFO 13793 --- [booking-service] [           main] o.d.c.kie.builder.impl.KieContainerImpl  : End creation of KieBase: defaultKieBase
2026-04-16T13:03:32.189+01:00  INFO 13793 --- [booking-service] [           main] o.d.c.kie.builder.impl.KieContainerImpl  : Start creation of KieBase: defaultKieBase
2026-04-16T13:03:32.192+01:00  INFO 13793 --- [booking-service] [           main] o.d.c.kie.builder.impl.KieContainerImpl  : End creation of KieBase: defaultKieBase
2026-04-16T13:03:32.197+01:00  INFO 13793 --- [booking-service] [           main] c.t.b.service.GeofenceRulesService       : No ticket at entry: created StationEntryAction and notification for user sim-valid-9 at Sheffield
2026-04-16T13:03:32.197+01:00  INFO 13793 --- [booking-service] [           main] c.t.b.p.farepolicy.FarePolicyConsumer    : platformTrace module=fare-policy action=JourneySegmentConfirmed outcome=received correlationId=efe93120-1e28-4e08-94fa-be8dbc4a2363 eventId=f748936d-99c8-44c1-bf22-04760472f729 userId=sim-valid-9
2026-04-16T13:03:32.204+01:00  INFO 13793 --- [booking-service] [           main] c.t.b.event.TripSegmentEventListener     : EVENT TripSegmentCreated: passenger=sim-valid-9 Leeds→Sheffield fareStatus=PAID
2026-04-16T13:03:32.204+01:00  INFO 13793 --- [booking-service] [           main] c.t.booking.service.TripSegmentService   : TripSegment PAID: passenger=sim-valid-9 Leeds→Sheffield
2026-04-16T13:03:32.206+01:00  INFO 13793 --- [booking-service] [           main] c.t.b.p.farepolicy.FarePolicyConsumer    : platformTrace module=fare-policy action=FareValidated outcome=PAID correlationId=efe93120-1e28-4e08-94fa-be8dbc4a2363 eventId=f748936d-99c8-44c1-bf22-04760472f729 userId=sim-valid-9
2026-04-16T13:03:32.270+01:00  INFO 13793 --- [booking-service] [           main] o.d.c.kie.builder.impl.KieContainerImpl  : Start creation of KieBase: defaultKieBase
2026-04-16T13:03:32.277+01:00  INFO 13793 --- [booking-service] [           main] o.d.c.kie.builder.impl.KieContainerImpl  : End creation of KieBase: defaultKieBase
2026-04-16T13:03:32.316+01:00  INFO 13793 --- [booking-service] [           main] c.train.booking.service.PricingService   : Pricing via Drools: tripId=3 tier=ANYTIME price=10.00
2026-04-16T13:03:32.352+01:00  INFO 13793 --- [booking-service] [           main] o.d.c.kie.builder.impl.KieContainerImpl  : Start creation of KieBase: defaultKieBase
2026-04-16T13:03:32.355+01:00  INFO 13793 --- [booking-service] [           main] o.d.c.kie.builder.impl.KieContainerImpl  : End creation of KieBase: defaultKieBase
2026-04-16T13:03:32.385+01:00  INFO 13793 --- [booking-service] [           main] o.d.c.kie.builder.impl.KieContainerImpl  : Start creation of KieBase: defaultKieBase
2026-04-16T13:03:32.387+01:00  INFO 13793 --- [booking-service] [           main] o.d.c.kie.builder.impl.KieContainerImpl  : End creation of KieBase: defaultKieBase
2026-04-16T13:03:32.391+01:00  INFO 13793 --- [booking-service] [           main] c.t.b.service.GeofenceRulesService       : No ticket at entry: created StationEntryAction and notification for user sim-valid-10 at Sheffield
2026-04-16T13:03:32.392+01:00  INFO 13793 --- [booking-service] [           main] c.t.b.p.farepolicy.FarePolicyConsumer    : platformTrace module=fare-policy action=JourneySegmentConfirmed outcome=received correlationId=dbf47a7f-8c63-4b58-a619-4c87da88f98d eventId=9d08901b-ea94-4952-8225-f5804f346662 userId=sim-valid-10
2026-04-16T13:03:32.399+01:00  INFO 13793 --- [booking-service] [           main] c.t.b.event.TripSegmentEventListener     : EVENT TripSegmentCreated: passenger=sim-valid-10 Leeds→Sheffield fareStatus=PAID
2026-04-16T13:03:32.399+01:00  INFO 13793 --- [booking-service] [           main] c.t.booking.service.TripSegmentService   : TripSegment PAID: passenger=sim-valid-10 Leeds→Sheffield
2026-04-16T13:03:32.401+01:00  INFO 13793 --- [booking-service] [           main] c.t.b.p.farepolicy.FarePolicyConsumer    : platformTrace module=fare-policy action=FareValidated outcome=PAID correlationId=dbf47a7f-8c63-4b58-a619-4c87da88f98d eventId=9d08901b-ea94-4952-8225-f5804f346662 userId=sim-valid-10
2026-04-16T13:03:32.467+01:00  INFO 13793 --- [booking-service] [           main] o.d.c.kie.builder.impl.KieContainerImpl  : Start creation of KieBase: defaultKieBase
2026-04-16T13:03:32.473+01:00  INFO 13793 --- [booking-service] [           main] o.d.c.kie.builder.impl.KieContainerImpl  : End creation of KieBase: defaultKieBase
2026-04-16T13:03:32.517+01:00  INFO 13793 --- [booking-service] [           main] c.train.booking.service.PricingService   : Pricing via Drools: tripId=3 tier=ANYTIME price=10.00
2026-04-16T13:03:32.553+01:00  INFO 13793 --- [booking-service] [           main] o.d.c.kie.builder.impl.KieContainerImpl  : Start creation of KieBase: defaultKieBase
2026-04-16T13:03:32.555+01:00  INFO 13793 --- [booking-service] [           main] o.d.c.kie.builder.impl.KieContainerImpl  : End creation of KieBase: defaultKieBase
2026-04-16T13:03:32.584+01:00  INFO 13793 --- [booking-service] [           main] o.d.c.kie.builder.impl.KieContainerImpl  : Start creation of KieBase: defaultKieBase
2026-04-16T13:03:32.586+01:00  INFO 13793 --- [booking-service] [           main] o.d.c.kie.builder.impl.KieContainerImpl  : End creation of KieBase: defaultKieBase
2026-04-16T13:03:32.590+01:00  INFO 13793 --- [booking-service] [           main] c.t.b.service.GeofenceRulesService       : No ticket at entry: created StationEntryAction and notification for user sim-valid-11 at Sheffield
2026-04-16T13:03:32.590+01:00  INFO 13793 --- [booking-service] [           main] c.t.b.p.farepolicy.FarePolicyConsumer    : platformTrace module=fare-policy action=JourneySegmentConfirmed outcome=received correlationId=427253a9-3122-4c60-886c-29fe3f777daf eventId=d89cce3e-8a19-4a50-a96b-7ef55ed045b0 userId=sim-valid-11
2026-04-16T13:03:32.599+01:00  INFO 13793 --- [booking-service] [           main] c.t.b.event.TripSegmentEventListener     : EVENT TripSegmentCreated: passenger=sim-valid-11 Leeds→Sheffield fareStatus=PAID
2026-04-16T13:03:32.599+01:00  INFO 13793 --- [booking-service] [           main] c.t.booking.service.TripSegmentService   : TripSegment PAID: passenger=sim-valid-11 Leeds→Sheffield
2026-04-16T13:03:32.601+01:00  INFO 13793 --- [booking-service] [           main] c.t.b.p.farepolicy.FarePolicyConsumer    : platformTrace module=fare-policy action=FareValidated outcome=PAID correlationId=427253a9-3122-4c60-886c-29fe3f777daf eventId=d89cce3e-8a19-4a50-a96b-7ef55ed045b0 userId=sim-valid-11
2026-04-16T13:03:32.672+01:00  INFO 13793 --- [booking-service] [           main] o.d.c.kie.builder.impl.KieContainerImpl  : Start creation of KieBase: defaultKieBase
2026-04-16T13:03:32.678+01:00  INFO 13793 --- [booking-service] [           main] o.d.c.kie.builder.impl.KieContainerImpl  : End creation of KieBase: defaultKieBase
2026-04-16T13:03:32.727+01:00  INFO 13793 --- [booking-service] [           main] c.train.booking.service.PricingService   : Pricing via Drools: tripId=4 tier=ANYTIME price=10.00
2026-04-16T13:03:32.807+01:00  INFO 13793 --- [booking-service] [           main] o.d.c.kie.builder.impl.KieContainerImpl  : Start creation of KieBase: defaultKieBase
2026-04-16T13:03:32.810+01:00  INFO 13793 --- [booking-service] [           main] o.d.c.kie.builder.impl.KieContainerImpl  : End creation of KieBase: defaultKieBase
2026-04-16T13:03:32.839+01:00  INFO 13793 --- [booking-service] [           main] o.d.c.kie.builder.impl.KieContainerImpl  : Start creation of KieBase: defaultKieBase
2026-04-16T13:03:32.841+01:00  INFO 13793 --- [booking-service] [           main] o.d.c.kie.builder.impl.KieContainerImpl  : End creation of KieBase: defaultKieBase
2026-04-16T13:03:32.850+01:00  INFO 13793 --- [booking-service] [           main] c.t.b.service.GeofenceRulesService       : No ticket at entry: created StationEntryAction and notification for user sim-valid-12 at Sheffield
2026-04-16T13:03:32.851+01:00  INFO 13793 --- [booking-service] [           main] c.t.b.p.farepolicy.FarePolicyConsumer    : platformTrace module=fare-policy action=JourneySegmentConfirmed outcome=received correlationId=8823d420-562f-41eb-a57d-6c3ce0064ee7 eventId=a2779d41-7abf-4dd2-a0d9-4d4976a726e9 userId=sim-valid-12
2026-04-16T13:03:32.859+01:00  INFO 13793 --- [booking-service] [           main] c.t.b.event.TripSegmentEventListener     : EVENT TripSegmentCreated: passenger=sim-valid-12 Leeds→Sheffield fareStatus=PAID
2026-04-16T13:03:32.859+01:00  INFO 13793 --- [booking-service] [           main] c.t.booking.service.TripSegmentService   : TripSegment PAID: passenger=sim-valid-12 Leeds→Sheffield
2026-04-16T13:03:32.861+01:00  INFO 13793 --- [booking-service] [           main] c.t.b.p.farepolicy.FarePolicyConsumer    : platformTrace module=fare-policy action=FareValidated outcome=PAID correlationId=8823d420-562f-41eb-a57d-6c3ce0064ee7 eventId=a2779d41-7abf-4dd2-a0d9-4d4976a726e9 userId=sim-valid-12
2026-04-16T13:03:32.927+01:00  INFO 13793 --- [booking-service] [           main] o.d.c.kie.builder.impl.KieContainerImpl  : Start creation of KieBase: defaultKieBase
2026-04-16T13:03:32.935+01:00  INFO 13793 --- [booking-service] [           main] o.d.c.kie.builder.impl.KieContainerImpl  : End creation of KieBase: defaultKieBase
2026-04-16T13:03:32.983+01:00  INFO 13793 --- [booking-service] [           main] c.train.booking.service.PricingService   : Pricing via Drools: tripId=4 tier=ANYTIME price=10.00
2026-04-16T13:03:33.018+01:00  INFO 13793 --- [booking-service] [           main] o.d.c.kie.builder.impl.KieContainerImpl  : Start creation of KieBase: defaultKieBase
2026-04-16T13:03:33.020+01:00  INFO 13793 --- [booking-service] [           main] o.d.c.kie.builder.impl.KieContainerImpl  : End creation of KieBase: defaultKieBase
2026-04-16T13:03:33.049+01:00  INFO 13793 --- [booking-service] [           main] o.d.c.kie.builder.impl.KieContainerImpl  : Start creation of KieBase: defaultKieBase
2026-04-16T13:03:33.051+01:00  INFO 13793 --- [booking-service] [           main] o.d.c.kie.builder.impl.KieContainerImpl  : End creation of KieBase: defaultKieBase
2026-04-16T13:03:33.055+01:00  INFO 13793 --- [booking-service] [           main] c.t.b.service.GeofenceRulesService       : No ticket at entry: created StationEntryAction and notification for user sim-valid-13 at Sheffield
2026-04-16T13:03:33.056+01:00  INFO 13793 --- [booking-service] [           main] c.t.b.p.farepolicy.FarePolicyConsumer    : platformTrace module=fare-policy action=JourneySegmentConfirmed outcome=received correlationId=7e620d0c-611c-408a-bb55-b414792e94e4 eventId=c07b2daf-5ba4-4055-9fa9-f7ed1b707262 userId=sim-valid-13
2026-04-16T13:03:33.063+01:00  INFO 13793 --- [booking-service] [           main] c.t.b.event.TripSegmentEventListener     : EVENT TripSegmentCreated: passenger=sim-valid-13 Leeds→Sheffield fareStatus=PAID
2026-04-16T13:03:33.064+01:00  INFO 13793 --- [booking-service] [           main] c.t.booking.service.TripSegmentService   : TripSegment PAID: passenger=sim-valid-13 Leeds→Sheffield
2026-04-16T13:03:33.066+01:00  INFO 13793 --- [booking-service] [           main] c.t.b.p.farepolicy.FarePolicyConsumer    : platformTrace module=fare-policy action=FareValidated outcome=PAID correlationId=7e620d0c-611c-408a-bb55-b414792e94e4 eventId=c07b2daf-5ba4-4055-9fa9-f7ed1b707262 userId=sim-valid-13
2026-04-16T13:03:33.134+01:00  INFO 13793 --- [booking-service] [           main] o.d.c.kie.builder.impl.KieContainerImpl  : Start creation of KieBase: defaultKieBase
2026-04-16T13:03:33.141+01:00  INFO 13793 --- [booking-service] [           main] o.d.c.kie.builder.impl.KieContainerImpl  : End creation of KieBase: defaultKieBase
2026-04-16T13:03:33.186+01:00  INFO 13793 --- [booking-service] [           main] c.train.booking.service.PricingService   : Pricing via Drools: tripId=4 tier=ANYTIME price=10.00
2026-04-16T13:03:33.223+01:00  INFO 13793 --- [booking-service] [           main] o.d.c.kie.builder.impl.KieContainerImpl  : Start creation of KieBase: defaultKieBase
2026-04-16T13:03:33.225+01:00  INFO 13793 --- [booking-service] [           main] o.d.c.kie.builder.impl.KieContainerImpl  : End creation of KieBase: defaultKieBase
2026-04-16T13:03:33.254+01:00  INFO 13793 --- [booking-service] [           main] o.d.c.kie.builder.impl.KieContainerImpl  : Start creation of KieBase: defaultKieBase
2026-04-16T13:03:33.256+01:00  INFO 13793 --- [booking-service] [           main] o.d.c.kie.builder.impl.KieContainerImpl  : End creation of KieBase: defaultKieBase
2026-04-16T13:03:33.260+01:00  INFO 13793 --- [booking-service] [           main] c.t.b.service.GeofenceRulesService       : No ticket at entry: created StationEntryAction and notification for user sim-valid-14 at Sheffield
2026-04-16T13:03:33.261+01:00  INFO 13793 --- [booking-service] [           main] c.t.b.p.farepolicy.FarePolicyConsumer    : platformTrace module=fare-policy action=JourneySegmentConfirmed outcome=received correlationId=0ff4c84e-8a04-45e4-b7e6-51d265b12da8 eventId=d5a49e6b-a46a-45e7-9a2b-a91f192fee67 userId=sim-valid-14
2026-04-16T13:03:33.269+01:00  INFO 13793 --- [booking-service] [           main] c.t.b.event.TripSegmentEventListener     : EVENT TripSegmentCreated: passenger=sim-valid-14 Leeds→Sheffield fareStatus=PAID
2026-04-16T13:03:33.269+01:00  INFO 13793 --- [booking-service] [           main] c.t.booking.service.TripSegmentService   : TripSegment PAID: passenger=sim-valid-14 Leeds→Sheffield
2026-04-16T13:03:33.271+01:00  INFO 13793 --- [booking-service] [           main] c.t.b.p.farepolicy.FarePolicyConsumer    : platformTrace module=fare-policy action=FareValidated outcome=PAID correlationId=0ff4c84e-8a04-45e4-b7e6-51d265b12da8 eventId=d5a49e6b-a46a-45e7-9a2b-a91f192fee67 userId=sim-valid-14
2026-04-16T13:03:33.340+01:00  INFO 13793 --- [booking-service] [           main] o.d.c.kie.builder.impl.KieContainerImpl  : Start creation of KieBase: defaultKieBase
2026-04-16T13:03:33.347+01:00  INFO 13793 --- [booking-service] [           main] o.d.c.kie.builder.impl.KieContainerImpl  : End creation of KieBase: defaultKieBase
2026-04-16T13:03:33.391+01:00  INFO 13793 --- [booking-service] [           main] c.train.booking.service.PricingService   : Pricing via Drools: tripId=4 tier=ANYTIME price=10.00
2026-04-16T13:03:33.425+01:00  INFO 13793 --- [booking-service] [           main] o.d.c.kie.builder.impl.KieContainerImpl  : Start creation of KieBase: defaultKieBase
2026-04-16T13:03:33.427+01:00  INFO 13793 --- [booking-service] [           main] o.d.c.kie.builder.impl.KieContainerImpl  : End creation of KieBase: defaultKieBase
2026-04-16T13:03:33.454+01:00  INFO 13793 --- [booking-service] [           main] o.d.c.kie.builder.impl.KieContainerImpl  : Start creation of KieBase: defaultKieBase
2026-04-16T13:03:33.456+01:00  INFO 13793 --- [booking-service] [           main] o.d.c.kie.builder.impl.KieContainerImpl  : End creation of KieBase: defaultKieBase
2026-04-16T13:03:33.460+01:00  INFO 13793 --- [booking-service] [           main] c.t.b.service.GeofenceRulesService       : No ticket at entry: created StationEntryAction and notification for user sim-valid-15 at Sheffield
2026-04-16T13:03:33.461+01:00  INFO 13793 --- [booking-service] [           main] c.t.b.p.farepolicy.FarePolicyConsumer    : platformTrace module=fare-policy action=JourneySegmentConfirmed outcome=received correlationId=6604db57-14ff-49b4-b19e-15e1f715db37 eventId=9a3ba329-287e-4eb0-b263-b8665b689a6a userId=sim-valid-15
2026-04-16T13:03:33.467+01:00  INFO 13793 --- [booking-service] [           main] c.t.b.event.TripSegmentEventListener     : EVENT TripSegmentCreated: passenger=sim-valid-15 Leeds→Sheffield fareStatus=PAID
2026-04-16T13:03:33.468+01:00  INFO 13793 --- [booking-service] [           main] c.t.booking.service.TripSegmentService   : TripSegment PAID: passenger=sim-valid-15 Leeds→Sheffield
2026-04-16T13:03:33.469+01:00  INFO 13793 --- [booking-service] [           main] c.t.b.p.farepolicy.FarePolicyConsumer    : platformTrace module=fare-policy action=FareValidated outcome=PAID correlationId=6604db57-14ff-49b4-b19e-15e1f715db37 eventId=9a3ba329-287e-4eb0-b263-b8665b689a6a userId=sim-valid-15
2026-04-16T13:03:33.528+01:00  INFO 13793 --- [booking-service] [           main] o.d.c.kie.builder.impl.KieContainerImpl  : Start creation of KieBase: defaultKieBase
2026-04-16T13:03:33.535+01:00  INFO 13793 --- [booking-service] [           main] o.d.c.kie.builder.impl.KieContainerImpl  : End creation of KieBase: defaultKieBase
2026-04-16T13:03:33.578+01:00  INFO 13793 --- [booking-service] [           main] c.train.booking.service.PricingService   : Pricing via Drools: tripId=5 tier=ANYTIME price=10.00
2026-04-16T13:03:33.610+01:00  INFO 13793 --- [booking-service] [           main] o.d.c.kie.builder.impl.KieContainerImpl  : Start creation of KieBase: defaultKieBase
2026-04-16T13:03:33.612+01:00  INFO 13793 --- [booking-service] [           main] o.d.c.kie.builder.impl.KieContainerImpl  : End creation of KieBase: defaultKieBase
2026-04-16T13:03:33.641+01:00  INFO 13793 --- [booking-service] [           main] o.d.c.kie.builder.impl.KieContainerImpl  : Start creation of KieBase: defaultKieBase
2026-04-16T13:03:33.644+01:00  INFO 13793 --- [booking-service] [           main] o.d.c.kie.builder.impl.KieContainerImpl  : End creation of KieBase: defaultKieBase
2026-04-16T13:03:33.649+01:00  INFO 13793 --- [booking-service] [           main] c.t.b.service.GeofenceRulesService       : No ticket at entry: created StationEntryAction and notification for user sim-valid-16 at Sheffield
2026-04-16T13:03:33.649+01:00  INFO 13793 --- [booking-service] [           main] c.t.b.p.farepolicy.FarePolicyConsumer    : platformTrace module=fare-policy action=JourneySegmentConfirmed outcome=received correlationId=99d21215-62ca-4f7a-a4bd-80e28e11c1f8 eventId=3e544c57-3802-4d25-85a1-f591cb35600c userId=sim-valid-16
2026-04-16T13:03:33.656+01:00  INFO 13793 --- [booking-service] [           main] c.t.b.event.TripSegmentEventListener     : EVENT TripSegmentCreated: passenger=sim-valid-16 Leeds→Sheffield fareStatus=PAID
2026-04-16T13:03:33.656+01:00  INFO 13793 --- [booking-service] [           main] c.t.booking.service.TripSegmentService   : TripSegment PAID: passenger=sim-valid-16 Leeds→Sheffield
2026-04-16T13:03:33.657+01:00  INFO 13793 --- [booking-service] [           main] c.t.b.p.farepolicy.FarePolicyConsumer    : platformTrace module=fare-policy action=FareValidated outcome=PAID correlationId=99d21215-62ca-4f7a-a4bd-80e28e11c1f8 eventId=3e544c57-3802-4d25-85a1-f591cb35600c userId=sim-valid-16
2026-04-16T13:03:33.718+01:00  INFO 13793 --- [booking-service] [           main] o.d.c.kie.builder.impl.KieContainerImpl  : Start creation of KieBase: defaultKieBase
2026-04-16T13:03:33.724+01:00  INFO 13793 --- [booking-service] [           main] o.d.c.kie.builder.impl.KieContainerImpl  : End creation of KieBase: defaultKieBase
2026-04-16T13:03:33.769+01:00  INFO 13793 --- [booking-service] [           main] c.train.booking.service.PricingService   : Pricing via Drools: tripId=5 tier=ANYTIME price=10.00
2026-04-16T13:03:33.803+01:00  INFO 13793 --- [booking-service] [           main] o.d.c.kie.builder.impl.KieContainerImpl  : Start creation of KieBase: defaultKieBase
2026-04-16T13:03:33.805+01:00  INFO 13793 --- [booking-service] [           main] o.d.c.kie.builder.impl.KieContainerImpl  : End creation of KieBase: defaultKieBase
2026-04-16T13:03:33.831+01:00  INFO 13793 --- [booking-service] [           main] o.d.c.kie.builder.impl.KieContainerImpl  : Start creation of KieBase: defaultKieBase
2026-04-16T13:03:33.833+01:00  INFO 13793 --- [booking-service] [           main] o.d.c.kie.builder.impl.KieContainerImpl  : End creation of KieBase: defaultKieBase
2026-04-16T13:03:33.837+01:00  INFO 13793 --- [booking-service] [           main] c.t.b.service.GeofenceRulesService       : No ticket at entry: created StationEntryAction and notification for user sim-valid-17 at Sheffield
2026-04-16T13:03:33.837+01:00  INFO 13793 --- [booking-service] [           main] c.t.b.p.farepolicy.FarePolicyConsumer    : platformTrace module=fare-policy action=JourneySegmentConfirmed outcome=received correlationId=99050719-d54c-402e-9a9f-8abeabba7978 eventId=c57d4839-61b2-4fdc-9866-bb996a0f2250 userId=sim-valid-17
2026-04-16T13:03:33.844+01:00  INFO 13793 --- [booking-service] [           main] c.t.b.event.TripSegmentEventListener     : EVENT TripSegmentCreated: passenger=sim-valid-17 Leeds→Sheffield fareStatus=PAID
2026-04-16T13:03:33.844+01:00  INFO 13793 --- [booking-service] [           main] c.t.booking.service.TripSegmentService   : TripSegment PAID: passenger=sim-valid-17 Leeds→Sheffield
2026-04-16T13:03:33.845+01:00  INFO 13793 --- [booking-service] [           main] c.t.b.p.farepolicy.FarePolicyConsumer    : platformTrace module=fare-policy action=FareValidated outcome=PAID correlationId=99050719-d54c-402e-9a9f-8abeabba7978 eventId=c57d4839-61b2-4fdc-9866-bb996a0f2250 userId=sim-valid-17
2026-04-16T13:03:33.912+01:00  INFO 13793 --- [booking-service] [           main] o.d.c.kie.builder.impl.KieContainerImpl  : Start creation of KieBase: defaultKieBase
2026-04-16T13:03:33.919+01:00  INFO 13793 --- [booking-service] [           main] o.d.c.kie.builder.impl.KieContainerImpl  : End creation of KieBase: defaultKieBase
2026-04-16T13:03:33.993+01:00  INFO 13793 --- [booking-service] [           main] c.train.booking.service.PricingService   : Pricing via Drools: tripId=5 tier=ANYTIME price=10.00
2026-04-16T13:03:34.033+01:00  INFO 13793 --- [booking-service] [           main] o.d.c.kie.builder.impl.KieContainerImpl  : Start creation of KieBase: defaultKieBase
2026-04-16T13:03:34.036+01:00  INFO 13793 --- [booking-service] [           main] o.d.c.kie.builder.impl.KieContainerImpl  : End creation of KieBase: defaultKieBase
2026-04-16T13:03:34.076+01:00  INFO 13793 --- [booking-service] [           main] o.d.c.kie.builder.impl.KieContainerImpl  : Start creation of KieBase: defaultKieBase
2026-04-16T13:03:34.081+01:00  INFO 13793 --- [booking-service] [           main] o.d.c.kie.builder.impl.KieContainerImpl  : End creation of KieBase: defaultKieBase
2026-04-16T13:03:34.086+01:00  INFO 13793 --- [booking-service] [           main] c.t.b.service.GeofenceRulesService       : No ticket at entry: created StationEntryAction and notification for user sim-valid-18 at Sheffield
2026-04-16T13:03:34.087+01:00  INFO 13793 --- [booking-service] [           main] c.t.b.p.farepolicy.FarePolicyConsumer    : platformTrace module=fare-policy action=JourneySegmentConfirmed outcome=received correlationId=12a2c01f-8ba3-44a8-985e-440fd640c6ca eventId=a712bc50-8b14-40a5-844a-9dd0a78a3649 userId=sim-valid-18
2026-04-16T13:03:34.099+01:00  INFO 13793 --- [booking-service] [           main] c.t.b.event.TripSegmentEventListener     : EVENT TripSegmentCreated: passenger=sim-valid-18 Leeds→Sheffield fareStatus=PAID
2026-04-16T13:03:34.099+01:00  INFO 13793 --- [booking-service] [           main] c.t.booking.service.TripSegmentService   : TripSegment PAID: passenger=sim-valid-18 Leeds→Sheffield
2026-04-16T13:03:34.102+01:00  INFO 13793 --- [booking-service] [           main] c.t.b.p.farepolicy.FarePolicyConsumer    : platformTrace module=fare-policy action=FareValidated outcome=PAID correlationId=12a2c01f-8ba3-44a8-985e-440fd640c6ca eventId=a712bc50-8b14-40a5-844a-9dd0a78a3649 userId=sim-valid-18
2026-04-16T13:03:34.204+01:00  INFO 13793 --- [booking-service] [           main] o.d.c.kie.builder.impl.KieContainerImpl  : Start creation of KieBase: defaultKieBase
2026-04-16T13:03:34.213+01:00  INFO 13793 --- [booking-service] [           main] o.d.c.kie.builder.impl.KieContainerImpl  : End creation of KieBase: defaultKieBase
2026-04-16T13:03:34.309+01:00  INFO 13793 --- [booking-service] [           main] c.train.booking.service.PricingService   : Pricing via Drools: tripId=5 tier=ANYTIME price=10.00
2026-04-16T13:03:34.356+01:00  INFO 13793 --- [booking-service] [           main] o.d.c.kie.builder.impl.KieContainerImpl  : Start creation of KieBase: defaultKieBase
2026-04-16T13:03:34.358+01:00  INFO 13793 --- [booking-service] [           main] o.d.c.kie.builder.impl.KieContainerImpl  : End creation of KieBase: defaultKieBase
2026-04-16T13:03:34.392+01:00  INFO 13793 --- [booking-service] [           main] o.d.c.kie.builder.impl.KieContainerImpl  : Start creation of KieBase: defaultKieBase
2026-04-16T13:03:34.395+01:00  INFO 13793 --- [booking-service] [           main] o.d.c.kie.builder.impl.KieContainerImpl  : End creation of KieBase: defaultKieBase
2026-04-16T13:03:34.399+01:00  INFO 13793 --- [booking-service] [           main] c.t.b.service.GeofenceRulesService       : No ticket at entry: created StationEntryAction and notification for user sim-valid-19 at Sheffield
2026-04-16T13:03:34.400+01:00  INFO 13793 --- [booking-service] [           main] c.t.b.p.farepolicy.FarePolicyConsumer    : platformTrace module=fare-policy action=JourneySegmentConfirmed outcome=received correlationId=5eba411d-a075-497f-aca9-0076ad6de990 eventId=a284e78d-3ff1-4c52-aa40-a6eae21d89e1 userId=sim-valid-19
2026-04-16T13:03:34.407+01:00  INFO 13793 --- [booking-service] [           main] c.t.b.event.TripSegmentEventListener     : EVENT TripSegmentCreated: passenger=sim-valid-19 Leeds→Sheffield fareStatus=PAID
2026-04-16T13:03:34.407+01:00  INFO 13793 --- [booking-service] [           main] c.t.booking.service.TripSegmentService   : TripSegment PAID: passenger=sim-valid-19 Leeds→Sheffield
2026-04-16T13:03:34.409+01:00  INFO 13793 --- [booking-service] [           main] c.t.b.p.farepolicy.FarePolicyConsumer    : platformTrace module=fare-policy action=FareValidated outcome=PAID correlationId=5eba411d-a075-497f-aca9-0076ad6de990 eventId=a284e78d-3ff1-4c52-aa40-a6eae21d89e1 userId=sim-valid-19
2026-04-16T13:03:34.469+01:00  INFO 13793 --- [booking-service] [           main] o.d.c.kie.builder.impl.KieContainerImpl  : Start creation of KieBase: defaultKieBase
2026-04-16T13:03:34.475+01:00  INFO 13793 --- [booking-service] [           main] o.d.c.kie.builder.impl.KieContainerImpl  : End creation of KieBase: defaultKieBase
2026-04-16T13:03:34.525+01:00  INFO 13793 --- [booking-service] [           main] c.train.booking.service.PricingService   : Pricing via Drools: tripId=6 tier=ANYTIME price=10.00
2026-04-16T13:03:34.557+01:00  INFO 13793 --- [booking-service] [           main] o.d.c.kie.builder.impl.KieContainerImpl  : Start creation of KieBase: defaultKieBase
2026-04-16T13:03:34.558+01:00  INFO 13793 --- [booking-service] [           main] o.d.c.kie.builder.impl.KieContainerImpl  : End creation of KieBase: defaultKieBase
2026-04-16T13:03:34.585+01:00  INFO 13793 --- [booking-service] [           main] o.d.c.kie.builder.impl.KieContainerImpl  : Start creation of KieBase: defaultKieBase
2026-04-16T13:03:34.587+01:00  INFO 13793 --- [booking-service] [           main] o.d.c.kie.builder.impl.KieContainerImpl  : End creation of KieBase: defaultKieBase
2026-04-16T13:03:34.591+01:00  INFO 13793 --- [booking-service] [           main] c.t.b.service.GeofenceRulesService       : No ticket at entry: created StationEntryAction and notification for user sim-valid-20 at Sheffield
2026-04-16T13:03:34.591+01:00  INFO 13793 --- [booking-service] [           main] c.t.b.p.farepolicy.FarePolicyConsumer    : platformTrace module=fare-policy action=JourneySegmentConfirmed outcome=received correlationId=8f64d54c-f998-480b-ab29-69b7a8430ad1 eventId=b2447522-5761-41c8-b379-34ecd4af90ad userId=sim-valid-20
2026-04-16T13:03:34.599+01:00  INFO 13793 --- [booking-service] [           main] c.t.b.event.TripSegmentEventListener     : EVENT TripSegmentCreated: passenger=sim-valid-20 Leeds→Sheffield fareStatus=PAID
2026-04-16T13:03:34.599+01:00  INFO 13793 --- [booking-service] [           main] c.t.booking.service.TripSegmentService   : TripSegment PAID: passenger=sim-valid-20 Leeds→Sheffield
2026-04-16T13:03:34.600+01:00  INFO 13793 --- [booking-service] [           main] c.t.b.p.farepolicy.FarePolicyConsumer    : platformTrace module=fare-policy action=FareValidated outcome=PAID correlationId=8f64d54c-f998-480b-ab29-69b7a8430ad1 eventId=b2447522-5761-41c8-b379-34ecd4af90ad userId=sim-valid-20
2026-04-16T13:03:34.667+01:00  INFO 13793 --- [booking-service] [           main] o.d.c.kie.builder.impl.KieContainerImpl  : Start creation of KieBase: defaultKieBase
2026-04-16T13:03:34.674+01:00  INFO 13793 --- [booking-service] [           main] o.d.c.kie.builder.impl.KieContainerImpl  : End creation of KieBase: defaultKieBase
2026-04-16T13:03:34.723+01:00  INFO 13793 --- [booking-service] [           main] c.train.booking.service.PricingService   : Pricing via Drools: tripId=6 tier=ANYTIME price=10.00
2026-04-16T13:03:34.754+01:00  INFO 13793 --- [booking-service] [           main] o.d.c.kie.builder.impl.KieContainerImpl  : Start creation of KieBase: defaultKieBase
2026-04-16T13:03:34.755+01:00  INFO 13793 --- [booking-service] [           main] o.d.c.kie.builder.impl.KieContainerImpl  : End creation of KieBase: defaultKieBase
2026-04-16T13:03:34.780+01:00  INFO 13793 --- [booking-service] [           main] o.d.c.kie.builder.impl.KieContainerImpl  : Start creation of KieBase: defaultKieBase
2026-04-16T13:03:34.781+01:00  INFO 13793 --- [booking-service] [           main] o.d.c.kie.builder.impl.KieContainerImpl  : End creation of KieBase: defaultKieBase
2026-04-16T13:03:34.785+01:00  INFO 13793 --- [booking-service] [           main] c.t.b.service.GeofenceRulesService       : No ticket at entry: created StationEntryAction and notification for user sim-valid-21 at Sheffield
2026-04-16T13:03:34.785+01:00  INFO 13793 --- [booking-service] [           main] c.t.b.p.farepolicy.FarePolicyConsumer    : platformTrace module=fare-policy action=JourneySegmentConfirmed outcome=received correlationId=2d49f88a-fe4c-49cd-9ca9-240ef13cbfbb eventId=633eea68-1394-4e4c-9d10-bfe8320e9bbe userId=sim-valid-21
2026-04-16T13:03:34.791+01:00  INFO 13793 --- [booking-service] [           main] c.t.b.event.TripSegmentEventListener     : EVENT TripSegmentCreated: passenger=sim-valid-21 Leeds→Sheffield fareStatus=PAID
2026-04-16T13:03:34.791+01:00  INFO 13793 --- [booking-service] [           main] c.t.booking.service.TripSegmentService   : TripSegment PAID: passenger=sim-valid-21 Leeds→Sheffield
2026-04-16T13:03:34.792+01:00  INFO 13793 --- [booking-service] [           main] c.t.b.p.farepolicy.FarePolicyConsumer    : platformTrace module=fare-policy action=FareValidated outcome=PAID correlationId=2d49f88a-fe4c-49cd-9ca9-240ef13cbfbb eventId=633eea68-1394-4e4c-9d10-bfe8320e9bbe userId=sim-valid-21
2026-04-16T13:03:34.842+01:00  INFO 13793 --- [booking-service] [           main] o.d.c.kie.builder.impl.KieContainerImpl  : Start creation of KieBase: defaultKieBase
2026-04-16T13:03:34.847+01:00  INFO 13793 --- [booking-service] [           main] o.d.c.kie.builder.impl.KieContainerImpl  : End creation of KieBase: defaultKieBase
2026-04-16T13:03:34.891+01:00  INFO 13793 --- [booking-service] [           main] c.train.booking.service.PricingService   : Pricing via Drools: tripId=6 tier=ANYTIME price=10.00
2026-04-16T13:03:34.918+01:00  INFO 13793 --- [booking-service] [           main] o.d.c.kie.builder.impl.KieContainerImpl  : Start creation of KieBase: defaultKieBase
2026-04-16T13:03:34.921+01:00  INFO 13793 --- [booking-service] [           main] o.d.c.kie.builder.impl.KieContainerImpl  : End creation of KieBase: defaultKieBase
2026-04-16T13:03:34.946+01:00  INFO 13793 --- [booking-service] [           main] o.d.c.kie.builder.impl.KieContainerImpl  : Start creation of KieBase: defaultKieBase
2026-04-16T13:03:34.947+01:00  INFO 13793 --- [booking-service] [           main] o.d.c.kie.builder.impl.KieContainerImpl  : End creation of KieBase: defaultKieBase
2026-04-16T13:03:34.950+01:00  INFO 13793 --- [booking-service] [           main] c.t.b.service.GeofenceRulesService       : No ticket at entry: created StationEntryAction and notification for user sim-valid-22 at Sheffield
2026-04-16T13:03:34.951+01:00  INFO 13793 --- [booking-service] [           main] c.t.b.p.farepolicy.FarePolicyConsumer    : platformTrace module=fare-policy action=JourneySegmentConfirmed outcome=received correlationId=e2139a42-68fe-4e93-b65c-682e84f3705e eventId=8df7b943-9bb4-47d7-97d2-7490d08d67f1 userId=sim-valid-22
2026-04-16T13:03:34.956+01:00  INFO 13793 --- [booking-service] [           main] c.t.b.event.TripSegmentEventListener     : EVENT TripSegmentCreated: passenger=sim-valid-22 Leeds→Sheffield fareStatus=PAID
2026-04-16T13:03:34.957+01:00  INFO 13793 --- [booking-service] [           main] c.t.booking.service.TripSegmentService   : TripSegment PAID: passenger=sim-valid-22 Leeds→Sheffield
2026-04-16T13:03:34.958+01:00  INFO 13793 --- [booking-service] [           main] c.t.b.p.farepolicy.FarePolicyConsumer    : platformTrace module=fare-policy action=FareValidated outcome=PAID correlationId=e2139a42-68fe-4e93-b65c-682e84f3705e eventId=8df7b943-9bb4-47d7-97d2-7490d08d67f1 userId=sim-valid-22
2026-04-16T13:03:35.008+01:00  INFO 13793 --- [booking-service] [           main] o.d.c.kie.builder.impl.KieContainerImpl  : Start creation of KieBase: defaultKieBase
2026-04-16T13:03:35.013+01:00  INFO 13793 --- [booking-service] [           main] o.d.c.kie.builder.impl.KieContainerImpl  : End creation of KieBase: defaultKieBase
2026-04-16T13:03:35.072+01:00  INFO 13793 --- [booking-service] [           main] c.train.booking.service.PricingService   : Pricing via Drools: tripId=6 tier=ANYTIME price=10.00
2026-04-16T13:03:35.102+01:00  INFO 13793 --- [booking-service] [           main] o.d.c.kie.builder.impl.KieContainerImpl  : Start creation of KieBase: defaultKieBase
2026-04-16T13:03:35.103+01:00  INFO 13793 --- [booking-service] [           main] o.d.c.kie.builder.impl.KieContainerImpl  : End creation of KieBase: defaultKieBase
2026-04-16T13:03:35.126+01:00  INFO 13793 --- [booking-service] [           main] o.d.c.kie.builder.impl.KieContainerImpl  : Start creation of KieBase: defaultKieBase
2026-04-16T13:03:35.128+01:00  INFO 13793 --- [booking-service] [           main] o.d.c.kie.builder.impl.KieContainerImpl  : End creation of KieBase: defaultKieBase
2026-04-16T13:03:35.131+01:00  INFO 13793 --- [booking-service] [           main] c.t.b.service.GeofenceRulesService       : No ticket at entry: created StationEntryAction and notification for user sim-valid-23 at Sheffield
2026-04-16T13:03:35.132+01:00  INFO 13793 --- [booking-service] [           main] c.t.b.p.farepolicy.FarePolicyConsumer    : platformTrace module=fare-policy action=JourneySegmentConfirmed outcome=received correlationId=2c286934-1bd1-4e7a-b8ef-aa73730c28c4 eventId=22d74d08-9409-4b7c-b111-907d6e502940 userId=sim-valid-23
2026-04-16T13:03:35.138+01:00  INFO 13793 --- [booking-service] [           main] c.t.b.event.TripSegmentEventListener     : EVENT TripSegmentCreated: passenger=sim-valid-23 Leeds→Sheffield fareStatus=PAID
2026-04-16T13:03:35.139+01:00  INFO 13793 --- [booking-service] [           main] c.t.booking.service.TripSegmentService   : TripSegment PAID: passenger=sim-valid-23 Leeds→Sheffield
2026-04-16T13:03:35.140+01:00  INFO 13793 --- [booking-service] [           main] c.t.b.p.farepolicy.FarePolicyConsumer    : platformTrace module=fare-policy action=FareValidated outcome=PAID correlationId=2c286934-1bd1-4e7a-b8ef-aa73730c28c4 eventId=22d74d08-9409-4b7c-b111-907d6e502940 userId=sim-valid-23
2026-04-16T13:03:35.196+01:00  INFO 13793 --- [booking-service] [           main] o.d.c.kie.builder.impl.KieContainerImpl  : Start creation of KieBase: defaultKieBase
2026-04-16T13:03:35.202+01:00  INFO 13793 --- [booking-service] [           main] o.d.c.kie.builder.impl.KieContainerImpl  : End creation of KieBase: defaultKieBase
2026-04-16T13:03:35.252+01:00  INFO 13793 --- [booking-service] [           main] c.train.booking.service.PricingService   : Pricing via Drools: tripId=7 tier=ANYTIME price=10.00
2026-04-16T13:03:35.278+01:00  INFO 13793 --- [booking-service] [           main] o.d.c.kie.builder.impl.KieContainerImpl  : Start creation of KieBase: defaultKieBase
2026-04-16T13:03:35.280+01:00  INFO 13793 --- [booking-service] [           main] o.d.c.kie.builder.impl.KieContainerImpl  : End creation of KieBase: defaultKieBase
2026-04-16T13:03:35.303+01:00  INFO 13793 --- [booking-service] [           main] o.d.c.kie.builder.impl.KieContainerImpl  : Start creation of KieBase: defaultKieBase
2026-04-16T13:03:35.304+01:00  INFO 13793 --- [booking-service] [           main] o.d.c.kie.builder.impl.KieContainerImpl  : End creation of KieBase: defaultKieBase
2026-04-16T13:03:35.308+01:00  INFO 13793 --- [booking-service] [           main] c.t.b.service.GeofenceRulesService       : No ticket at entry: created StationEntryAction and notification for user sim-valid-24 at Sheffield
2026-04-16T13:03:35.308+01:00  INFO 13793 --- [booking-service] [           main] c.t.b.p.farepolicy.FarePolicyConsumer    : platformTrace module=fare-policy action=JourneySegmentConfirmed outcome=received correlationId=aa114ab6-a001-40b9-bceb-26c81e1811e7 eventId=ac6f3570-ee48-4fb4-9d92-d05599edfe4e userId=sim-valid-24
2026-04-16T13:03:35.315+01:00  INFO 13793 --- [booking-service] [           main] c.t.b.event.TripSegmentEventListener     : EVENT TripSegmentCreated: passenger=sim-valid-24 Leeds→Sheffield fareStatus=PAID
2026-04-16T13:03:35.315+01:00  INFO 13793 --- [booking-service] [           main] c.t.booking.service.TripSegmentService   : TripSegment PAID: passenger=sim-valid-24 Leeds→Sheffield
2026-04-16T13:03:35.317+01:00  WARN 13793 --- [booking-service] [           main] c.t.b.p.fraudpolicy.FraudPolicyConsumer  : platformTrace module=fraud-policy action=FraudDecisionMade outcome=REVIEW_REQUIRED correlationId=aa114ab6-a001-40b9-bceb-26c81e1811e7 eventId=0ad373f7-79d5-4768-bd0f-4e7fa8d0b43d userId=sim-valid-24 detail=PAID
2026-04-16T13:03:35.317+01:00  INFO 13793 --- [booking-service] [           main] c.t.b.p.farepolicy.FarePolicyConsumer    : platformTrace module=fare-policy action=FareValidated outcome=PAID correlationId=aa114ab6-a001-40b9-bceb-26c81e1811e7 eventId=ac6f3570-ee48-4fb4-9d92-d05599edfe4e userId=sim-valid-24
2026-04-16T13:03:35.364+01:00  INFO 13793 --- [booking-service] [           main] o.d.c.kie.builder.impl.KieContainerImpl  : Start creation of KieBase: defaultKieBase
2026-04-16T13:03:35.369+01:00  INFO 13793 --- [booking-service] [           main] o.d.c.kie.builder.impl.KieContainerImpl  : End creation of KieBase: defaultKieBase
2026-04-16T13:03:35.415+01:00  INFO 13793 --- [booking-service] [           main] c.train.booking.service.PricingService   : Pricing via Drools: tripId=7 tier=ANYTIME price=10.00
2026-04-16T13:03:35.440+01:00  INFO 13793 --- [booking-service] [           main] o.d.c.kie.builder.impl.KieContainerImpl  : Start creation of KieBase: defaultKieBase
2026-04-16T13:03:35.442+01:00  INFO 13793 --- [booking-service] [           main] o.d.c.kie.builder.impl.KieContainerImpl  : End creation of KieBase: defaultKieBase
2026-04-16T13:03:35.464+01:00  INFO 13793 --- [booking-service] [           main] o.d.c.kie.builder.impl.KieContainerImpl  : Start creation of KieBase: defaultKieBase
2026-04-16T13:03:35.466+01:00  INFO 13793 --- [booking-service] [           main] o.d.c.kie.builder.impl.KieContainerImpl  : End creation of KieBase: defaultKieBase
2026-04-16T13:03:35.469+01:00  INFO 13793 --- [booking-service] [           main] c.t.b.service.GeofenceRulesService       : No ticket at entry: created StationEntryAction and notification for user sim-valid-25 at Sheffield
2026-04-16T13:03:35.469+01:00  INFO 13793 --- [booking-service] [           main] c.t.b.p.farepolicy.FarePolicyConsumer    : platformTrace module=fare-policy action=JourneySegmentConfirmed outcome=received correlationId=31e50448-62b0-4333-94da-64dbb62fbfe8 eventId=ba982e60-6245-4392-87c2-d3bbef5a4968 userId=sim-valid-25
2026-04-16T13:03:35.475+01:00  INFO 13793 --- [booking-service] [           main] c.t.b.event.TripSegmentEventListener     : EVENT TripSegmentCreated: passenger=sim-valid-25 Leeds→Sheffield fareStatus=PAID
2026-04-16T13:03:35.475+01:00  INFO 13793 --- [booking-service] [           main] c.t.booking.service.TripSegmentService   : TripSegment PAID: passenger=sim-valid-25 Leeds→Sheffield
2026-04-16T13:03:35.476+01:00  WARN 13793 --- [booking-service] [           main] c.t.b.p.fraudpolicy.FraudPolicyConsumer  : platformTrace module=fraud-policy action=FraudDecisionMade outcome=REVIEW_REQUIRED correlationId=31e50448-62b0-4333-94da-64dbb62fbfe8 eventId=456e4797-dfd8-4b27-bdce-cfd1d7f413a9 userId=sim-valid-25 detail=PAID
2026-04-16T13:03:35.476+01:00  INFO 13793 --- [booking-service] [           main] c.t.b.p.farepolicy.FarePolicyConsumer    : platformTrace module=fare-policy action=FareValidated outcome=PAID correlationId=31e50448-62b0-4333-94da-64dbb62fbfe8 eventId=ba982e60-6245-4392-87c2-d3bbef5a4968 userId=sim-valid-25
2026-04-16T13:03:35.528+01:00  INFO 13793 --- [booking-service] [           main] o.d.c.kie.builder.impl.KieContainerImpl  : Start creation of KieBase: defaultKieBase
2026-04-16T13:03:35.534+01:00  INFO 13793 --- [booking-service] [           main] o.d.c.kie.builder.impl.KieContainerImpl  : End creation of KieBase: defaultKieBase
2026-04-16T13:03:35.590+01:00  INFO 13793 --- [booking-service] [           main] c.train.booking.service.PricingService   : Pricing via Drools: tripId=7 tier=ANYTIME price=10.00
2026-04-16T13:03:35.619+01:00  INFO 13793 --- [booking-service] [           main] o.d.c.kie.builder.impl.KieContainerImpl  : Start creation of KieBase: defaultKieBase
2026-04-16T13:03:35.621+01:00  INFO 13793 --- [booking-service] [           main] o.d.c.kie.builder.impl.KieContainerImpl  : End creation of KieBase: defaultKieBase
2026-04-16T13:03:35.643+01:00  INFO 13793 --- [booking-service] [           main] o.d.c.kie.builder.impl.KieContainerImpl  : Start creation of KieBase: defaultKieBase
2026-04-16T13:03:35.645+01:00  INFO 13793 --- [booking-service] [           main] o.d.c.kie.builder.impl.KieContainerImpl  : End creation of KieBase: defaultKieBase
2026-04-16T13:03:35.648+01:00  INFO 13793 --- [booking-service] [           main] c.t.b.service.GeofenceRulesService       : No ticket at entry: created StationEntryAction and notification for user sim-valid-26 at Sheffield
2026-04-16T13:03:35.649+01:00  INFO 13793 --- [booking-service] [           main] c.t.b.p.farepolicy.FarePolicyConsumer    : platformTrace module=fare-policy action=JourneySegmentConfirmed outcome=received correlationId=800660ad-8b21-4d46-bee7-19f45c8308c7 eventId=9e231372-3310-4e54-b415-4a77033072e1 userId=sim-valid-26
2026-04-16T13:03:35.655+01:00  INFO 13793 --- [booking-service] [           main] c.t.b.event.TripSegmentEventListener     : EVENT TripSegmentCreated: passenger=sim-valid-26 Leeds→Sheffield fareStatus=PAID
2026-04-16T13:03:35.655+01:00  INFO 13793 --- [booking-service] [           main] c.t.booking.service.TripSegmentService   : TripSegment PAID: passenger=sim-valid-26 Leeds→Sheffield
2026-04-16T13:03:35.656+01:00  WARN 13793 --- [booking-service] [           main] c.t.b.p.fraudpolicy.FraudPolicyConsumer  : platformTrace module=fraud-policy action=FraudDecisionMade outcome=REVIEW_REQUIRED correlationId=800660ad-8b21-4d46-bee7-19f45c8308c7 eventId=796ef163-7ea7-4d03-97cb-5fce50583b31 userId=sim-valid-26 detail=PAID
2026-04-16T13:03:35.656+01:00  INFO 13793 --- [booking-service] [           main] c.t.b.p.farepolicy.FarePolicyConsumer    : platformTrace module=fare-policy action=FareValidated outcome=PAID correlationId=800660ad-8b21-4d46-bee7-19f45c8308c7 eventId=9e231372-3310-4e54-b415-4a77033072e1 userId=sim-valid-26
2026-04-16T13:03:35.760+01:00  INFO 13793 --- [booking-service] [           main] o.d.c.kie.builder.impl.KieContainerImpl  : Start creation of KieBase: defaultKieBase
2026-04-16T13:03:35.769+01:00  INFO 13793 --- [booking-service] [           main] o.d.c.kie.builder.impl.KieContainerImpl  : End creation of KieBase: defaultKieBase
2026-04-16T13:03:35.830+01:00  INFO 13793 --- [booking-service] [           main] c.train.booking.service.PricingService   : Pricing via Drools: tripId=7 tier=ANYTIME price=10.00
2026-04-16T13:03:35.860+01:00  INFO 13793 --- [booking-service] [           main] o.d.c.kie.builder.impl.KieContainerImpl  : Start creation of KieBase: defaultKieBase
2026-04-16T13:03:35.862+01:00  INFO 13793 --- [booking-service] [           main] o.d.c.kie.builder.impl.KieContainerImpl  : End creation of KieBase: defaultKieBase
2026-04-16T13:03:35.886+01:00  INFO 13793 --- [booking-service] [           main] o.d.c.kie.builder.impl.KieContainerImpl  : Start creation of KieBase: defaultKieBase
2026-04-16T13:03:35.888+01:00  INFO 13793 --- [booking-service] [           main] o.d.c.kie.builder.impl.KieContainerImpl  : End creation of KieBase: defaultKieBase
2026-04-16T13:03:35.892+01:00  INFO 13793 --- [booking-service] [           main] c.t.b.service.GeofenceRulesService       : No ticket at entry: created StationEntryAction and notification for user sim-valid-27 at Sheffield
2026-04-16T13:03:35.892+01:00  INFO 13793 --- [booking-service] [           main] c.t.b.p.farepolicy.FarePolicyConsumer    : platformTrace module=fare-policy action=JourneySegmentConfirmed outcome=received correlationId=3fe603f5-e60a-4731-afcb-45e1880fd7d8 eventId=883d8a3e-deca-45b6-98f0-15ad23117b51 userId=sim-valid-27
2026-04-16T13:03:35.899+01:00  INFO 13793 --- [booking-service] [           main] c.t.b.event.TripSegmentEventListener     : EVENT TripSegmentCreated: passenger=sim-valid-27 Leeds→Sheffield fareStatus=PAID
2026-04-16T13:03:35.899+01:00  INFO 13793 --- [booking-service] [           main] c.t.booking.service.TripSegmentService   : TripSegment PAID: passenger=sim-valid-27 Leeds→Sheffield
2026-04-16T13:03:35.900+01:00  WARN 13793 --- [booking-service] [           main] c.t.b.p.fraudpolicy.FraudPolicyConsumer  : platformTrace module=fraud-policy action=FraudDecisionMade outcome=REVIEW_REQUIRED correlationId=3fe603f5-e60a-4731-afcb-45e1880fd7d8 eventId=2fd5de0c-4356-4d1c-93c0-74acf703f49d userId=sim-valid-27 detail=PAID
2026-04-16T13:03:35.900+01:00  INFO 13793 --- [booking-service] [           main] c.t.b.p.farepolicy.FarePolicyConsumer    : platformTrace module=fare-policy action=FareValidated outcome=PAID correlationId=3fe603f5-e60a-4731-afcb-45e1880fd7d8 eventId=883d8a3e-deca-45b6-98f0-15ad23117b51 userId=sim-valid-27
2026-04-16T13:03:35.950+01:00  INFO 13793 --- [booking-service] [           main] o.d.c.kie.builder.impl.KieContainerImpl  : Start creation of KieBase: defaultKieBase
2026-04-16T13:03:35.955+01:00  INFO 13793 --- [booking-service] [           main] o.d.c.kie.builder.impl.KieContainerImpl  : End creation of KieBase: defaultKieBase
2026-04-16T13:03:36.014+01:00  INFO 13793 --- [booking-service] [           main] c.train.booking.service.PricingService   : Pricing via Drools: tripId=8 tier=ANYTIME price=10.00
2026-04-16T13:03:36.042+01:00  INFO 13793 --- [booking-service] [           main] o.d.c.kie.builder.impl.KieContainerImpl  : Start creation of KieBase: defaultKieBase
2026-04-16T13:03:36.044+01:00  INFO 13793 --- [booking-service] [           main] o.d.c.kie.builder.impl.KieContainerImpl  : End creation of KieBase: defaultKieBase
2026-04-16T13:03:36.069+01:00  INFO 13793 --- [booking-service] [           main] o.d.c.kie.builder.impl.KieContainerImpl  : Start creation of KieBase: defaultKieBase
2026-04-16T13:03:36.071+01:00  INFO 13793 --- [booking-service] [           main] o.d.c.kie.builder.impl.KieContainerImpl  : End creation of KieBase: defaultKieBase
2026-04-16T13:03:36.074+01:00  INFO 13793 --- [booking-service] [           main] c.t.b.service.GeofenceRulesService       : No ticket at entry: created StationEntryAction and notification for user sim-valid-28 at Sheffield
2026-04-16T13:03:36.074+01:00  INFO 13793 --- [booking-service] [           main] c.t.b.p.farepolicy.FarePolicyConsumer    : platformTrace module=fare-policy action=JourneySegmentConfirmed outcome=received correlationId=65468d13-2127-4171-b4ca-3b2301850661 eventId=b88df441-4325-475d-be9a-fc54a183d4e9 userId=sim-valid-28
2026-04-16T13:03:36.081+01:00  INFO 13793 --- [booking-service] [           main] c.t.b.event.TripSegmentEventListener     : EVENT TripSegmentCreated: passenger=sim-valid-28 Leeds→Sheffield fareStatus=PAID
2026-04-16T13:03:36.081+01:00  INFO 13793 --- [booking-service] [           main] c.t.booking.service.TripSegmentService   : TripSegment PAID: passenger=sim-valid-28 Leeds→Sheffield
2026-04-16T13:03:36.083+01:00  WARN 13793 --- [booking-service] [           main] c.t.b.p.fraudpolicy.FraudPolicyConsumer  : platformTrace module=fraud-policy action=FraudDecisionMade outcome=REVIEW_REQUIRED correlationId=65468d13-2127-4171-b4ca-3b2301850661 eventId=cca5bb14-ab87-4483-8530-d4e3e7743f74 userId=sim-valid-28 detail=PAID
2026-04-16T13:03:36.083+01:00  INFO 13793 --- [booking-service] [           main] c.t.b.p.farepolicy.FarePolicyConsumer    : platformTrace module=fare-policy action=FareValidated outcome=PAID correlationId=65468d13-2127-4171-b4ca-3b2301850661 eventId=b88df441-4325-475d-be9a-fc54a183d4e9 userId=sim-valid-28
2026-04-16T13:03:36.135+01:00  INFO 13793 --- [booking-service] [           main] o.d.c.kie.builder.impl.KieContainerImpl  : Start creation of KieBase: defaultKieBase
2026-04-16T13:03:36.140+01:00  INFO 13793 --- [booking-service] [           main] o.d.c.kie.builder.impl.KieContainerImpl  : End creation of KieBase: defaultKieBase
2026-04-16T13:03:36.202+01:00  INFO 13793 --- [booking-service] [           main] c.train.booking.service.PricingService   : Pricing via Drools: tripId=8 tier=ANYTIME price=10.00
2026-04-16T13:03:36.229+01:00  INFO 13793 --- [booking-service] [           main] o.d.c.kie.builder.impl.KieContainerImpl  : Start creation of KieBase: defaultKieBase
2026-04-16T13:03:36.235+01:00  INFO 13793 --- [booking-service] [           main] o.d.c.kie.builder.impl.KieContainerImpl  : End creation of KieBase: defaultKieBase
2026-04-16T13:03:36.258+01:00  INFO 13793 --- [booking-service] [           main] o.d.c.kie.builder.impl.KieContainerImpl  : Start creation of KieBase: defaultKieBase
2026-04-16T13:03:36.259+01:00  INFO 13793 --- [booking-service] [           main] o.d.c.kie.builder.impl.KieContainerImpl  : End creation of KieBase: defaultKieBase
2026-04-16T13:03:36.263+01:00  INFO 13793 --- [booking-service] [           main] c.t.b.service.GeofenceRulesService       : No ticket at entry: created StationEntryAction and notification for user sim-valid-29 at Sheffield
2026-04-16T13:03:36.263+01:00  INFO 13793 --- [booking-service] [           main] c.t.b.p.farepolicy.FarePolicyConsumer    : platformTrace module=fare-policy action=JourneySegmentConfirmed outcome=received correlationId=3f2d15cf-2c16-4dc1-b105-02233b6ec113 eventId=9d45b131-f02e-47f2-9027-eaf0e0aae715 userId=sim-valid-29
2026-04-16T13:03:36.270+01:00  INFO 13793 --- [booking-service] [           main] c.t.b.event.TripSegmentEventListener     : EVENT TripSegmentCreated: passenger=sim-valid-29 Leeds→Sheffield fareStatus=PAID
2026-04-16T13:03:36.270+01:00  INFO 13793 --- [booking-service] [           main] c.t.booking.service.TripSegmentService   : TripSegment PAID: passenger=sim-valid-29 Leeds→Sheffield
[...]
2026-04-16T13:04:17.663+01:00  INFO 13793 --- [booking-service] [           main] o.d.c.kie.builder.impl.KieContainerImpl  : End creation of KieBase: defaultKieBase
2026-04-16T13:04:17.669+01:00  INFO 13793 --- [booking-service] [           main] c.t.b.service.GeofenceRulesService       : No ticket at entry: created StationEntryAction and notification for user sim-share-a-17 at Sheffield
2026-04-16T13:04:17.669+01:00  INFO 13793 --- [booking-service] [           main] c.t.b.p.farepolicy.FarePolicyConsumer    : platformTrace module=fare-policy action=JourneySegmentConfirmed outcome=received correlationId=680c503c-309b-4485-9f47-70dbbb41adda eventId=7c8caa98-9a09-4529-838b-e9af31946375 userId=sim-share-a-17
2026-04-16T13:04:17.690+01:00  INFO 13793 --- [booking-service] [           main] c.t.b.event.TripSegmentEventListener     : EVENT TripSegmentCreated: passenger=sim-share-a-17 Leeds→Sheffield fareStatus=PAID
2026-04-16T13:04:17.690+01:00  INFO 13793 --- [booking-service] [           main] c.t.booking.service.TripSegmentService   : TripSegment PAID: passenger=sim-share-a-17 Leeds→Sheffield
2026-04-16T13:04:17.691+01:00  WARN 13793 --- [booking-service] [           main] c.t.b.p.fraudpolicy.FraudPolicyConsumer  : platformTrace module=fraud-policy action=FraudDecisionMade outcome=REVIEW_REQUIRED correlationId=680c503c-309b-4485-9f47-70dbbb41adda eventId=5da90584-b4ff-4d68-96df-8350e1436bd9 userId=sim-share-a-17 detail=PAID
2026-04-16T13:04:17.691+01:00  INFO 13793 --- [booking-service] [           main] c.t.b.p.farepolicy.FarePolicyConsumer    : platformTrace module=fare-policy action=FareValidated outcome=PAID correlationId=680c503c-309b-4485-9f47-70dbbb41adda eventId=7c8caa98-9a09-4529-838b-e9af31946375 userId=sim-share-a-17
2026-04-16T13:04:17.739+01:00  INFO 13793 --- [booking-service] [           main] o.d.c.kie.builder.impl.KieContainerImpl  : Start creation of KieBase: defaultKieBase
2026-04-16T13:04:17.743+01:00  INFO 13793 --- [booking-service] [           main] o.d.c.kie.builder.impl.KieContainerImpl  : End creation of KieBase: defaultKieBase
2026-04-16T13:04:17.771+01:00  WARN 13793 --- [booking-service] [           main] c.t.booking.service.TripSegmentService   : Ticket sharing detected: reservationId=128 passengers=sim-share-a-17, sim-share-b-17
2026-04-16T13:04:17.771+01:00  WARN 13793 --- [booking-service] [           main] c.t.booking.service.TripSegmentService   : Ticket sharing detected: reservationId=111 passengers=sim-share-a-0, sim-share-b-0
2026-04-16T13:04:17.771+01:00  WARN 13793 --- [booking-service] [           main] c.t.booking.service.TripSegmentService   : Ticket sharing detected: reservationId=112 passengers=sim-share-a-1, sim-share-b-1
2026-04-16T13:04:17.771+01:00  WARN 13793 --- [booking-service] [           main] c.t.booking.service.TripSegmentService   : Ticket sharing detected: reservationId=113 passengers=sim-share-a-2, sim-share-b-2
2026-04-16T13:04:17.772+01:00  WARN 13793 --- [booking-service] [           main] c.t.booking.service.TripSegmentService   : Ticket sharing detected: reservationId=114 passengers=sim-share-a-3, sim-share-b-3
2026-04-16T13:04:17.772+01:00  WARN 13793 --- [booking-service] [           main] c.t.booking.service.TripSegmentService   : Ticket sharing detected: reservationId=115 passengers=sim-share-a-4, sim-share-b-4
2026-04-16T13:04:17.772+01:00  WARN 13793 --- [booking-service] [           main] c.t.booking.service.TripSegmentService   : Ticket sharing detected: reservationId=116 passengers=sim-share-a-5, sim-share-b-5
2026-04-16T13:04:17.772+01:00  WARN 13793 --- [booking-service] [           main] c.t.booking.service.TripSegmentService   : Ticket sharing detected: reservationId=117 passengers=sim-share-a-6, sim-share-b-6
2026-04-16T13:04:17.772+01:00  WARN 13793 --- [booking-service] [           main] c.t.booking.service.TripSegmentService   : Ticket sharing detected: reservationId=118 passengers=sim-share-a-7, sim-share-b-7
2026-04-16T13:04:17.772+01:00  WARN 13793 --- [booking-service] [           main] c.t.booking.service.TripSegmentService   : Ticket sharing detected: reservationId=119 passengers=sim-share-a-8, sim-share-b-8
2026-04-16T13:04:17.772+01:00  WARN 13793 --- [booking-service] [           main] c.t.booking.service.TripSegmentService   : Ticket sharing detected: reservationId=120 passengers=sim-share-a-9, sim-share-b-9
2026-04-16T13:04:17.772+01:00  WARN 13793 --- [booking-service] [           main] c.t.booking.service.TripSegmentService   : Ticket sharing detected: reservationId=121 passengers=sim-share-a-10, sim-share-b-10
2026-04-16T13:04:17.772+01:00  WARN 13793 --- [booking-service] [           main] c.t.booking.service.TripSegmentService   : Ticket sharing detected: reservationId=122 passengers=sim-share-a-11, sim-share-b-11
2026-04-16T13:04:17.772+01:00  WARN 13793 --- [booking-service] [           main] c.t.booking.service.TripSegmentService   : Ticket sharing detected: reservationId=123 passengers=sim-share-a-12, sim-share-b-12
2026-04-16T13:04:17.772+01:00  WARN 13793 --- [booking-service] [           main] c.t.booking.service.TripSegmentService   : Ticket sharing detected: reservationId=124 passengers=sim-share-a-13, sim-share-b-13
2026-04-16T13:04:17.773+01:00  WARN 13793 --- [booking-service] [           main] c.t.booking.service.TripSegmentService   : Ticket sharing detected: reservationId=125 passengers=sim-share-a-14, sim-share-b-14
2026-04-16T13:04:17.773+01:00  WARN 13793 --- [booking-service] [           main] c.t.booking.service.TripSegmentService   : Ticket sharing detected: reservationId=126 passengers=sim-share-a-15, sim-share-b-15
2026-04-16T13:04:17.773+01:00  WARN 13793 --- [booking-service] [           main] c.t.booking.service.TripSegmentService   : Ticket sharing detected: reservationId=127 passengers=sim-share-a-16, sim-share-b-16
2026-04-16T13:04:18.248+01:00  INFO 13793 --- [booking-service] [           main] c.train.booking.service.PricingService   : Pricing via Drools: tripId=23 tier=ANYTIME price=10.00
2026-04-16T13:04:18.293+01:00  INFO 13793 --- [booking-service] [           main] o.d.c.kie.builder.impl.KieContainerImpl  : Start creation of KieBase: defaultKieBase
2026-04-16T13:04:18.294+01:00  INFO 13793 --- [booking-service] [           main] o.d.c.kie.builder.impl.KieContainerImpl  : End creation of KieBase: defaultKieBase
2026-04-16T13:04:18.323+01:00  INFO 13793 --- [booking-service] [           main] o.d.c.kie.builder.impl.KieContainerImpl  : Start creation of KieBase: defaultKieBase
2026-04-16T13:04:18.324+01:00  INFO 13793 --- [booking-service] [           main] o.d.c.kie.builder.impl.KieContainerImpl  : End creation of KieBase: defaultKieBase
2026-04-16T13:04:18.330+01:00  INFO 13793 --- [booking-service] [           main] c.t.b.service.GeofenceRulesService       : No ticket at entry: created StationEntryAction and notification for user sim-share-a-18 at Sheffield
2026-04-16T13:04:18.330+01:00  INFO 13793 --- [booking-service] [           main] c.t.b.p.farepolicy.FarePolicyConsumer    : platformTrace module=fare-policy action=JourneySegmentConfirmed outcome=received correlationId=b6ba1878-d969-49aa-9c34-2945b1033dd9 eventId=27499492-9d2a-48e2-843e-f3c3a53b46f4 userId=sim-share-a-18
2026-04-16T13:04:18.351+01:00  INFO 13793 --- [booking-service] [           main] c.t.b.event.TripSegmentEventListener     : EVENT TripSegmentCreated: passenger=sim-share-a-18 Leeds→Sheffield fareStatus=PAID
2026-04-16T13:04:18.351+01:00  INFO 13793 --- [booking-service] [           main] c.t.booking.service.TripSegmentService   : TripSegment PAID: passenger=sim-share-a-18 Leeds→Sheffield
2026-04-16T13:04:18.352+01:00  WARN 13793 --- [booking-service] [           main] c.t.b.p.fraudpolicy.FraudPolicyConsumer  : platformTrace module=fraud-policy action=FraudDecisionMade outcome=REVIEW_REQUIRED correlationId=b6ba1878-d969-49aa-9c34-2945b1033dd9 eventId=e1333d29-db3c-4d27-9259-e29893eb4715 userId=sim-share-a-18 detail=PAID
2026-04-16T13:04:18.352+01:00  INFO 13793 --- [booking-service] [           main] c.t.b.p.farepolicy.FarePolicyConsumer    : platformTrace module=fare-policy action=FareValidated outcome=PAID correlationId=b6ba1878-d969-49aa-9c34-2945b1033dd9 eventId=27499492-9d2a-48e2-843e-f3c3a53b46f4 userId=sim-share-a-18
2026-04-16T13:04:18.401+01:00  INFO 13793 --- [booking-service] [           main] o.d.c.kie.builder.impl.KieContainerImpl  : Start creation of KieBase: defaultKieBase
2026-04-16T13:04:18.405+01:00  INFO 13793 --- [booking-service] [           main] o.d.c.kie.builder.impl.KieContainerImpl  : End creation of KieBase: defaultKieBase
2026-04-16T13:04:18.433+01:00  WARN 13793 --- [booking-service] [           main] c.t.booking.service.TripSegmentService   : Ticket sharing detected: reservationId=128 passengers=sim-share-a-17, sim-share-b-17
2026-04-16T13:04:18.433+01:00  WARN 13793 --- [booking-service] [           main] c.t.booking.service.TripSegmentService   : Ticket sharing detected: reservationId=129 passengers=sim-share-a-18, sim-share-b-18
2026-04-16T13:04:18.433+01:00  WARN 13793 --- [booking-service] [           main] c.t.booking.service.TripSegmentService   : Ticket sharing detected: reservationId=111 passengers=sim-share-a-0, sim-share-b-0
2026-04-16T13:04:18.433+01:00  WARN 13793 --- [booking-service] [           main] c.t.booking.service.TripSegmentService   : Ticket sharing detected: reservationId=112 passengers=sim-share-a-1, sim-share-b-1
2026-04-16T13:04:18.434+01:00  WARN 13793 --- [booking-service] [           main] c.t.booking.service.TripSegmentService   : Ticket sharing detected: reservationId=113 passengers=sim-share-a-2, sim-share-b-2
2026-04-16T13:04:18.434+01:00  WARN 13793 --- [booking-service] [           main] c.t.booking.service.TripSegmentService   : Ticket sharing detected: reservationId=114 passengers=sim-share-a-3, sim-share-b-3
2026-04-16T13:04:18.434+01:00  WARN 13793 --- [booking-service] [           main] c.t.booking.service.TripSegmentService   : Ticket sharing detected: reservationId=115 passengers=sim-share-a-4, sim-share-b-4
2026-04-16T13:04:18.434+01:00  WARN 13793 --- [booking-service] [           main] c.t.booking.service.TripSegmentService   : Ticket sharing detected: reservationId=116 passengers=sim-share-a-5, sim-share-b-5
2026-04-16T13:04:18.434+01:00  WARN 13793 --- [booking-service] [           main] c.t.booking.service.TripSegmentService   : Ticket sharing detected: reservationId=117 passengers=sim-share-a-6, sim-share-b-6
2026-04-16T13:04:18.434+01:00  WARN 13793 --- [booking-service] [           main] c.t.booking.service.TripSegmentService   : Ticket sharing detected: reservationId=118 passengers=sim-share-a-7, sim-share-b-7
2026-04-16T13:04:18.434+01:00  WARN 13793 --- [booking-service] [           main] c.t.booking.service.TripSegmentService   : Ticket sharing detected: reservationId=119 passengers=sim-share-a-8, sim-share-b-8
2026-04-16T13:04:18.434+01:00  WARN 13793 --- [booking-service] [           main] c.t.booking.service.TripSegmentService   : Ticket sharing detected: reservationId=120 passengers=sim-share-a-9, sim-share-b-9
2026-04-16T13:04:18.434+01:00  WARN 13793 --- [booking-service] [           main] c.t.booking.service.TripSegmentService   : Ticket sharing detected: reservationId=121 passengers=sim-share-a-10, sim-share-b-10
2026-04-16T13:04:18.434+01:00  WARN 13793 --- [booking-service] [           main] c.t.booking.service.TripSegmentService   : Ticket sharing detected: reservationId=122 passengers=sim-share-a-11, sim-share-b-11
2026-04-16T13:04:18.434+01:00  WARN 13793 --- [booking-service] [           main] c.t.booking.service.TripSegmentService   : Ticket sharing detected: reservationId=123 passengers=sim-share-a-12, sim-share-b-12
2026-04-16T13:04:18.434+01:00  WARN 13793 --- [booking-service] [           main] c.t.booking.service.TripSegmentService   : Ticket sharing detected: reservationId=124 passengers=sim-share-a-13, sim-share-b-13
2026-04-16T13:04:18.435+01:00  WARN 13793 --- [booking-service] [           main] c.t.booking.service.TripSegmentService   : Ticket sharing detected: reservationId=125 passengers=sim-share-a-14, sim-share-b-14
2026-04-16T13:04:18.435+01:00  WARN 13793 --- [booking-service] [           main] c.t.booking.service.TripSegmentService   : Ticket sharing detected: reservationId=126 passengers=sim-share-a-15, sim-share-b-15
2026-04-16T13:04:18.435+01:00  WARN 13793 --- [booking-service] [           main] c.t.booking.service.TripSegmentService   : Ticket sharing detected: reservationId=127 passengers=sim-share-a-16, sim-share-b-16
2026-04-16T13:04:19.046+01:00  INFO 13793 --- [booking-service] [           main] c.train.booking.service.PricingService   : Pricing via Drools: tripId=23 tier=ANYTIME price=10.00
2026-04-16T13:04:19.104+01:00  INFO 13793 --- [booking-service] [           main] o.d.c.kie.builder.impl.KieContainerImpl  : Start creation of KieBase: defaultKieBase
2026-04-16T13:04:19.105+01:00  INFO 13793 --- [booking-service] [           main] o.d.c.kie.builder.impl.KieContainerImpl  : End creation of KieBase: defaultKieBase
2026-04-16T13:04:19.141+01:00  INFO 13793 --- [booking-service] [           main] o.d.c.kie.builder.impl.KieContainerImpl  : Start creation of KieBase: defaultKieBase
2026-04-16T13:04:19.142+01:00  INFO 13793 --- [booking-service] [           main] o.d.c.kie.builder.impl.KieContainerImpl  : End creation of KieBase: defaultKieBase
2026-04-16T13:04:19.149+01:00  INFO 13793 --- [booking-service] [           main] c.t.b.service.GeofenceRulesService       : No ticket at entry: created StationEntryAction and notification for user sim-share-a-19 at Sheffield
2026-04-16T13:04:19.149+01:00  INFO 13793 --- [booking-service] [           main] c.t.b.p.farepolicy.FarePolicyConsumer    : platformTrace module=fare-policy action=JourneySegmentConfirmed outcome=received correlationId=011aa004-2702-4393-8fde-29bcd3b34720 eventId=dffcc14e-aa38-44f5-943b-0a346df6ba91 userId=sim-share-a-19
2026-04-16T13:04:19.175+01:00  INFO 13793 --- [booking-service] [           main] c.t.b.event.TripSegmentEventListener     : EVENT TripSegmentCreated: passenger=sim-share-a-19 Leeds→Sheffield fareStatus=PAID
2026-04-16T13:04:19.176+01:00  INFO 13793 --- [booking-service] [           main] c.t.booking.service.TripSegmentService   : TripSegment PAID: passenger=sim-share-a-19 Leeds→Sheffield
2026-04-16T13:04:19.176+01:00  WARN 13793 --- [booking-service] [           main] c.t.b.p.fraudpolicy.FraudPolicyConsumer  : platformTrace module=fraud-policy action=FraudDecisionMade outcome=REVIEW_REQUIRED correlationId=011aa004-2702-4393-8fde-29bcd3b34720 eventId=28bfae0d-7a9b-41a8-9327-5f6b3f9e4565 userId=sim-share-a-19 detail=PAID
2026-04-16T13:04:19.176+01:00  INFO 13793 --- [booking-service] [           main] c.t.b.p.farepolicy.FarePolicyConsumer    : platformTrace module=fare-policy action=FareValidated outcome=PAID correlationId=011aa004-2702-4393-8fde-29bcd3b34720 eventId=dffcc14e-aa38-44f5-943b-0a346df6ba91 userId=sim-share-a-19
2026-04-16T13:04:19.223+01:00  INFO 13793 --- [booking-service] [           main] o.d.c.kie.builder.impl.KieContainerImpl  : Start creation of KieBase: defaultKieBase
2026-04-16T13:04:19.228+01:00  INFO 13793 --- [booking-service] [           main] o.d.c.kie.builder.impl.KieContainerImpl  : End creation of KieBase: defaultKieBase
2026-04-16T13:04:19.265+01:00  WARN 13793 --- [booking-service] [           main] c.t.booking.service.TripSegmentService   : Ticket sharing detected: reservationId=128 passengers=sim-share-a-17, sim-share-b-17
2026-04-16T13:04:19.265+01:00  WARN 13793 --- [booking-service] [           main] c.t.booking.service.TripSegmentService   : Ticket sharing detected: reservationId=129 passengers=sim-share-a-18, sim-share-b-18
2026-04-16T13:04:19.265+01:00  WARN 13793 --- [booking-service] [           main] c.t.booking.service.TripSegmentService   : Ticket sharing detected: reservationId=130 passengers=sim-share-a-19, sim-share-b-19
2026-04-16T13:04:19.265+01:00  WARN 13793 --- [booking-service] [           main] c.t.booking.service.TripSegmentService   : Ticket sharing detected: reservationId=111 passengers=sim-share-a-0, sim-share-b-0
2026-04-16T13:04:19.265+01:00  WARN 13793 --- [booking-service] [           main] c.t.booking.service.TripSegmentService   : Ticket sharing detected: reservationId=112 passengers=sim-share-a-1, sim-share-b-1
2026-04-16T13:04:19.266+01:00  WARN 13793 --- [booking-service] [           main] c.t.booking.service.TripSegmentService   : Ticket sharing detected: reservationId=113 passengers=sim-share-a-2, sim-share-b-2
2026-04-16T13:04:19.266+01:00  WARN 13793 --- [booking-service] [           main] c.t.booking.service.TripSegmentService   : Ticket sharing detected: reservationId=114 passengers=sim-share-a-3, sim-share-b-3
2026-04-16T13:04:19.266+01:00  WARN 13793 --- [booking-service] [           main] c.t.booking.service.TripSegmentService   : Ticket sharing detected: reservationId=115 passengers=sim-share-a-4, sim-share-b-4
2026-04-16T13:04:19.266+01:00  WARN 13793 --- [booking-service] [           main] c.t.booking.service.TripSegmentService   : Ticket sharing detected: reservationId=116 passengers=sim-share-a-5, sim-share-b-5
2026-04-16T13:04:19.266+01:00  WARN 13793 --- [booking-service] [           main] c.t.booking.service.TripSegmentService   : Ticket sharing detected: reservationId=117 passengers=sim-share-a-6, sim-share-b-6
2026-04-16T13:04:19.266+01:00  WARN 13793 --- [booking-service] [           main] c.t.booking.service.TripSegmentService   : Ticket sharing detected: reservationId=118 passengers=sim-share-a-7, sim-share-b-7
2026-04-16T13:04:19.266+01:00  WARN 13793 --- [booking-service] [           main] c.t.booking.service.TripSegmentService   : Ticket sharing detected: reservationId=119 passengers=sim-share-a-8, sim-share-b-8
2026-04-16T13:04:19.266+01:00  WARN 13793 --- [booking-service] [           main] c.t.booking.service.TripSegmentService   : Ticket sharing detected: reservationId=120 passengers=sim-share-a-9, sim-share-b-9
2026-04-16T13:04:19.266+01:00  WARN 13793 --- [booking-service] [           main] c.t.booking.service.TripSegmentService   : Ticket sharing detected: reservationId=121 passengers=sim-share-a-10, sim-share-b-10
2026-04-16T13:04:19.266+01:00  WARN 13793 --- [booking-service] [           main] c.t.booking.service.TripSegmentService   : Ticket sharing detected: reservationId=122 passengers=sim-share-a-11, sim-share-b-11
2026-04-16T13:04:19.266+01:00  WARN 13793 --- [booking-service] [           main] c.t.booking.service.TripSegmentService   : Ticket sharing detected: reservationId=123 passengers=sim-share-a-12, sim-share-b-12
2026-04-16T13:04:19.267+01:00  WARN 13793 --- [booking-service] [           main] c.t.booking.service.TripSegmentService   : Ticket sharing detected: reservationId=124 passengers=sim-share-a-13, sim-share-b-13
2026-04-16T13:04:19.267+01:00  WARN 13793 --- [booking-service] [           main] c.t.booking.service.TripSegmentService   : Ticket sharing detected: reservationId=125 passengers=sim-share-a-14, sim-share-b-14
2026-04-16T13:04:19.267+01:00  WARN 13793 --- [booking-service] [           main] c.t.booking.service.TripSegmentService   : Ticket sharing detected: reservationId=126 passengers=sim-share-a-15, sim-share-b-15
2026-04-16T13:04:19.267+01:00  WARN 13793 --- [booking-service] [           main] c.t.booking.service.TripSegmentService   : Ticket sharing detected: reservationId=127 passengers=sim-share-a-16, sim-share-b-16
Failed scenarios (first 20): TICKET_SHARING sim-share-a-17+sim-share-b-17 fare=N/A alerts=[]; TICKET_SHARING sim-share-a-18+sim-share-b-18 fare=N/A alerts=[]; TICKET_SHARING sim-share-a-19+sim-share-b-19 fare=N/A alerts=[]
Simulated journey detection report:
  Valid journeys: 50/50 correct (FPR = 0.00%)
  Fraud scenarios: 117/120 correct (TPR = 97.50%)
  Total: 170 scenarios
]]></system-out>
  </testcase>
</testsuite>