<?xml version="1.0" encoding="UTF-8"?>
<testsuite xmlns:xsi="http://www.w3.org/2001/XMLSchema-instance" xsi:noNamespaceSchemaLocation="https://maven.apache.org/surefire/maven-surefire-plugin/xsd/surefire-test-report-3.0.xsd" version="3.0" name="com.train.booking.RailBookTestingMdIntegrationTest" time="5.011" tests="7" errors="0" skipped="0" failures="0">
  <properties>
[...]
</properties>
  <testcase name="doubleBooking_secondReserveSameSeat_fails" classname="com.train.booking.RailBookTestingMdIntegrationTest" time="1.12">
    <system-out><![CDATA[2026-04-14T14:19:38.581+01:00  INFO 63954 --- [booking-service] [           main] t.c.s.AnnotationConfigContextLoaderUtils : Could not detect default configuration classes for test class [com.train.booking.RailBookTestingMdIntegrationTest]: RailBookTestingMdIntegrationTest does not declare any static, non-private, non-final, nested classes annotated with @Configuration.
2026-04-14T14:19:38.598+01:00  INFO 63954 --- [booking-service] [           main] .b.t.c.SpringBootTestContextBootstrapper : Found @SpringBootConfiguration com.train.booking.BookingServiceApplication for test class com.train.booking.RailBookTestingMdIntegrationTest

  .   ____          _            __ _ _
 /\\ / ___'_ __ _ _(_)_ __  __ _ \ \ \ \
( ( )\___ | '_ | '_| | '_ \/ _` | \ \ \ \
 \\/  ___)| |_)| | | | | || (_| |  ) ) ) )
  '  |____| .__|_| |_|_| |_\__, | / / / /
 =========|_|==============|___/=/_/_/_/
 :: Spring Boot ::                (v3.2.5)

2026-04-14T14:19:38.629+01:00  INFO 63954 --- [booking-service] [           main] c.t.b.RailBookTestingMdIntegrationTest   : Starting RailBookTestingMdIntegrationTest using Java 25.0.1 with PID 63954 (started by martin in /Users/martin/frontend/booking-service)
2026-04-14T14:19:38.629+01:00  INFO 63954 --- [booking-service] [           main] c.t.b.RailBookTestingMdIntegrationTest   : The following 1 profile is active: "test"
2026-04-14T14:19:38.881+01:00  INFO 63954 --- [booking-service] [           main] .s.d.r.c.RepositoryConfigurationDelegate : Bootstrapping Spring Data JPA repositories in DEFAULT mode.
2026-04-14T14:19:38.911+01:00  INFO 63954 --- [booking-service] [           main] .s.d.r.c.RepositoryConfigurationDelegate : Finished Spring Data repository scanning in 29 ms. Found 24 JPA repository interfaces.
2026-04-14T14:19:39.016+01:00  INFO 63954 --- [booking-service] [           main] o.hibernate.jpa.internal.util.LogHelper  : HHH000204: Processing PersistenceUnitInfo [name: default]
2026-04-14T14:19:39.018+01:00  INFO 63954 --- [booking-service] [           main] o.h.c.internal.RegionFactoryInitiator    : HHH000026: Second-level cache disabled
2026-04-14T14:19:39.021+01:00  INFO 63954 --- [booking-service] [           main] o.s.o.j.p.SpringPersistenceUnitInfo      : No LoadTimeWeaver setup: ignoring JPA class transformer
2026-04-14T14:19:39.022+01:00  INFO 63954 --- [booking-service] [           main] com.zaxxer.hikari.HikariDataSource       : HikariPool-2 - Starting...
2026-04-14T14:19:39.023+01:00  INFO 63954 --- [booking-service] [           main] com.zaxxer.hikari.pool.HikariPool        : HikariPool-2 - Added connection conn10: url=jdbc:h2:mem:testdb user=SA
2026-04-14T14:19:39.023+01:00  INFO 63954 --- [booking-service] [           main] com.zaxxer.hikari.HikariDataSource       : HikariPool-2 - Start completed.
2026-04-14T14:19:39.023+01:00  WARN 63954 --- [booking-service] [           main] org.hibernate.orm.deprecation            : HHH90000025: H2Dialect does not need to be specified explicitly using 'hibernate.dialect' (remove the property setting and it will be selected by default)
2026-04-14T14:19:39.238+01:00  INFO 63954 --- [booking-service] [           main] o.h.e.t.j.p.i.JtaPlatformInitiator       : HHH000489: No JTA platform available (set 'hibernate.transaction.jta.platform' to enable JTA platform integration)
2026-04-14T14:19:39.270+01:00  INFO 63954 --- [booking-service] [           main] j.LocalContainerEntityManagerFactoryBean : Initialized JPA EntityManagerFactory for persistence unit 'default'
2026-04-14T14:19:39.833+01:00  WARN 63954 --- [booking-service] [           main] JpaBaseConfiguration$JpaWebConfiguration : spring.jpa.open-in-view is enabled by default. Therefore, database queries may be performed during view rendering. Explicitly configure spring.jpa.open-in-view to disable this warning
2026-04-14T14:19:40.105+01:00  INFO 63954 --- [booking-service] [           main] o.s.b.a.h2.H2ConsoleAutoConfiguration    : H2 console available at '/h2-console'. Database available at 'jdbc:h2:mem:testdb'
2026-04-14T14:19:40.136+01:00  INFO 63954 --- [booking-service] [           main] o.s.b.t.m.w.SpringBootMockServletContext : Initializing Spring TestDispatcherServlet ''
2026-04-14T14:19:40.137+01:00  INFO 63954 --- [booking-service] [           main] o.s.t.web.servlet.TestDispatcherServlet  : Initializing Servlet ''
2026-04-14T14:19:40.141+01:00  INFO 63954 --- [booking-service] [           main] o.s.b.a.e.web.EndpointLinksResolver      : Exposing 3 endpoint(s) beneath base path '/actuator'
2026-04-14T14:19:40.154+01:00  INFO 63954 --- [booking-service] [           main] o.s.t.web.servlet.TestDispatcherServlet  : Completed initialization in 17 ms
2026-04-14T14:19:40.172+01:00  INFO 63954 --- [booking-service] [           main] c.t.b.RailBookTestingMdIntegrationTest   : Started RailBookTestingMdIntegrationTest in 1.571 seconds (process running for 9.941)
2026-04-14T14:19:40.183+01:00  INFO 63954 --- [booking-service] [           main] .b.c.SimulatedJourneyTestDataInitializer : Seeding simulated journey test data: geofences + trips
2026-04-14T14:19:40.583+01:00  INFO 63954 --- [booking-service] [           main] .DropReservationTripSeatUniqueConstraint : Dropped legacy unique index on reservations(trip_seat_id): UK_3Q44SFBSAJOR2QVWVN4Y26MMH_INDEX_4
2026-04-14T14:19:41.539+01:00  INFO 63954 --- [booking-service] [           main] c.train.booking.service.PricingService   : Pricing Drools container built successfully
2026-04-14T14:19:41.539+01:00  INFO 63954 --- [booking-service] [           main] o.d.c.kie.builder.impl.KieContainerImpl  : Start creation of KieBase: defaultKieBase
2026-04-14T14:19:41.590+01:00  INFO 63954 --- [booking-service] [           main] o.d.c.kie.builder.impl.KieContainerImpl  : End creation of KieBase: defaultKieBase
2026-04-14T14:19:41.643+01:00  INFO 63954 --- [booking-service] [           main] c.train.booking.service.PricingService   : Pricing via Drools: tripId=1 tier=ANYTIME price=10.00
2026-04-14T14:19:41.696+01:00  INFO 63954 --- [booking-service] [           main] c.train.booking.service.PricingService   : Pricing via Drools: tripId=1 tier=ANYTIME price=10.00
]]></system-out>
  </testcase>
  <testcase name="whenUserValidatesQrWithConfirmedReservation_thenActionCompletes" classname="com.train.booking.RailBookTestingMdIntegrationTest" time="0.56">
    <system-out><![CDATA[2026-04-14T14:19:42.066+01:00  INFO 63954 --- [booking-service] [           main] c.train.booking.service.PricingService   : Pricing via Drools: tripId=1 tier=ANYTIME price=10.00
2026-04-14T14:19:42.084+01:00  INFO 63954 --- [booking-service] [           main] c.t.b.service.PaymentGatewayService      : Demo payment: reservation 2 marked PAID and CONFIRMED
2026-04-14T14:19:42.171+01:00  INFO 63954 --- [booking-service] [           main] o.d.c.kie.builder.impl.KieContainerImpl  : Start creation of KieBase: defaultKieBase
2026-04-14T14:19:42.175+01:00  INFO 63954 --- [booking-service] [           main] o.d.c.kie.builder.impl.KieContainerImpl  : End creation of KieBase: defaultKieBase
2026-04-14T14:19:42.189+01:00  INFO 63954 --- [booking-service] [           main] c.t.b.service.GeofenceRulesService       : No ticket at entry: created StationEntryAction and notification for user 1 at Sheffield
]]></system-out>
  </testcase>
  <testcase name="whenUserEntersGeofenceWithoutTicket_thenPendingStationEntryActionIsCreated" classname="com.train.booking.RailBookTestingMdIntegrationTest" time="0.061">
    <system-out><![CDATA[2026-04-14T14:19:42.315+01:00  INFO 63954 --- [booking-service] [           main] o.d.c.kie.builder.impl.KieContainerImpl  : Start creation of KieBase: defaultKieBase
2026-04-14T14:19:42.319+01:00  INFO 63954 --- [booking-service] [           main] o.d.c.kie.builder.impl.KieContainerImpl  : End creation of KieBase: defaultKieBase
2026-04-14T14:19:42.323+01:00  INFO 63954 --- [booking-service] [           main] c.t.b.service.GeofenceRulesService       : No ticket at entry: created StationEntryAction and notification for user test-user-no-ticket at Sheffield
]]></system-out>
  </testcase>
  <testcase name="loadTest_concurrentGeofenceEntries_returnsSuccessCount" classname="com.train.booking.RailBookTestingMdIntegrationTest" time="0.842">
    <system-out><![CDATA[2026-04-14T14:19:42.440+01:00  INFO 63954 --- [booking-service] [pool-3-thread-1] o.d.c.kie.builder.impl.KieContainerImpl  : Start creation of KieBase: defaultKieBase
2026-04-14T14:19:42.441+01:00  INFO 63954 --- [booking-service] [pool-3-thread-6] o.d.c.kie.builder.impl.KieContainerImpl  : Start creation of KieBase: defaultKieBase
2026-04-14T14:19:42.449+01:00  INFO 63954 --- [booking-service] [pool-3-thread-6] o.d.c.kie.builder.impl.KieContainerImpl  : End creation of KieBase: defaultKieBase
2026-04-14T14:19:42.454+01:00  INFO 63954 --- [booking-service] [pool-3-thread-3] o.d.c.kie.builder.impl.KieContainerImpl  : Start creation of KieBase: defaultKieBase
2026-04-14T14:19:42.457+01:00  INFO 63954 --- [booking-service] [pool-3-thread-1] o.d.c.kie.builder.impl.KieContainerImpl  : End creation of KieBase: defaultKieBase
2026-04-14T14:19:42.458+01:00  INFO 63954 --- [booking-service] [pool-3-thread-4] o.d.c.kie.builder.impl.KieContainerImpl  : Start creation of KieBase: defaultKieBase
2026-04-14T14:19:42.458+01:00  INFO 63954 --- [booking-service] [pool-3-thread-6] c.t.b.service.GeofenceRulesService       : No ticket at entry: created StationEntryAction and notification for user load-user-6 at Sheffield
2026-04-14T14:19:42.458+01:00  INFO 63954 --- [booking-service] [pool-3-thread-3] o.d.c.kie.builder.impl.KieContainerImpl  : End creation of KieBase: defaultKieBase
2026-04-14T14:19:42.462+01:00  INFO 63954 --- [booking-service] [pool-3-thread-4] o.d.c.kie.builder.impl.KieContainerImpl  : End creation of KieBase: defaultKieBase
2026-04-14T14:19:42.462+01:00  INFO 63954 --- [booking-service] [pool-3-thread-1] c.t.b.service.GeofenceRulesService       : No ticket at entry: created StationEntryAction and notification for user load-user-1 at Sheffield
2026-04-14T14:19:42.462+01:00  INFO 63954 --- [booking-service] [pool-3-thread-7] o.d.c.kie.builder.impl.KieContainerImpl  : Start creation of KieBase: defaultKieBase
2026-04-14T14:19:42.464+01:00  INFO 63954 --- [booking-service] [pool-3-thread-3] c.t.b.service.GeofenceRulesService       : No ticket at entry: created StationEntryAction and notification for user load-user-3 at Sheffield
2026-04-14T14:19:42.465+01:00  INFO 63954 --- [booking-service] [pool-3-thread-5] o.d.c.kie.builder.impl.KieContainerImpl  : Start creation of KieBase: defaultKieBase
2026-04-14T14:19:42.469+01:00  INFO 63954 --- [booking-service] [pool-3-thread-5] o.d.c.kie.builder.impl.KieContainerImpl  : End creation of KieBase: defaultKieBase
2026-04-14T14:19:42.470+01:00  INFO 63954 --- [booking-service] [pool-3-thread-7] o.d.c.kie.builder.impl.KieContainerImpl  : End creation of KieBase: defaultKieBase
2026-04-14T14:19:42.470+01:00  INFO 63954 --- [booking-service] [pool-3-thread-9] o.d.c.kie.builder.impl.KieContainerImpl  : Start creation of KieBase: defaultKieBase
2026-04-14T14:19:42.473+01:00  INFO 63954 --- [booking-service] [pool-3-thread-8] o.d.c.kie.builder.impl.KieContainerImpl  : Start creation of KieBase: defaultKieBase
2026-04-14T14:19:42.481+01:00  INFO 63954 --- [booking-service] [pool-3-thread-7] c.t.b.service.GeofenceRulesService       : No ticket at entry: created StationEntryAction and notification for user load-user-7 at Sheffield
2026-04-14T14:19:42.481+01:00  INFO 63954 --- [booking-service] [pool-3-thread-9] o.d.c.kie.builder.impl.KieContainerImpl  : End creation of KieBase: defaultKieBase
2026-04-14T14:19:42.484+01:00  INFO 63954 --- [booking-service] [pool-3-thread-5] c.t.b.service.GeofenceRulesService       : No ticket at entry: created StationEntryAction and notification for user load-user-5 at Sheffield
2026-04-14T14:19:42.488+01:00  INFO 63954 --- [booking-service] [pool-3-thread-8] o.d.c.kie.builder.impl.KieContainerImpl  : End creation of KieBase: defaultKieBase
2026-04-14T14:19:42.489+01:00  INFO 63954 --- [booking-service] [pool-3-thread-2] o.d.c.kie.builder.impl.KieContainerImpl  : Start creation of KieBase: defaultKieBase
2026-04-14T14:19:42.490+01:00  INFO 63954 --- [booking-service] [pool-3-thread-9] c.t.b.service.GeofenceRulesService       : No ticket at entry: created StationEntryAction and notification for user load-user-9 at Sheffield
2026-04-14T14:19:42.497+01:00  INFO 63954 --- [booking-service] [pool-3-thread-8] c.t.b.service.GeofenceRulesService       : No ticket at entry: created StationEntryAction and notification for user load-user-8 at Sheffield
2026-04-14T14:19:42.503+01:00  INFO 63954 --- [booking-service] [pool-3-thread-4] c.t.b.service.GeofenceRulesService       : No ticket at entry: created StationEntryAction and notification for user load-user-4 at Sheffield
2026-04-14T14:19:42.520+01:00  INFO 63954 --- [booking-service] [pool-3-thread-2] o.d.c.kie.builder.impl.KieContainerImpl  : End creation of KieBase: defaultKieBase
2026-04-14T14:19:42.555+01:00  INFO 63954 --- [booking-service] [ool-3-thread-13] o.d.c.kie.builder.impl.KieContainerImpl  : Start creation of KieBase: defaultKieBase
2026-04-14T14:19:42.566+01:00  INFO 63954 --- [booking-service] [pool-3-thread-2] c.t.b.service.GeofenceRulesService       : No ticket at entry: created StationEntryAction and notification for user load-user-2 at Sheffield
2026-04-14T14:19:42.578+01:00  INFO 63954 --- [booking-service] [ool-3-thread-13] o.d.c.kie.builder.impl.KieContainerImpl  : End creation of KieBase: defaultKieBase
2026-04-14T14:19:42.578+01:00  INFO 63954 --- [booking-service] [ool-3-thread-14] o.d.c.kie.builder.impl.KieContainerImpl  : Start creation of KieBase: defaultKieBase
2026-04-14T14:19:42.587+01:00  INFO 63954 --- [booking-service] [ool-3-thread-16] o.d.c.kie.builder.impl.KieContainerImpl  : Start creation of KieBase: defaultKieBase
2026-04-14T14:19:42.587+01:00  INFO 63954 --- [booking-service] [ool-3-thread-10] o.d.c.kie.builder.impl.KieContainerImpl  : Start creation of KieBase: defaultKieBase
2026-04-14T14:19:42.588+01:00  INFO 63954 --- [booking-service] [ool-3-thread-12] o.d.c.kie.builder.impl.KieContainerImpl  : Start creation of KieBase: defaultKieBase
2026-04-14T14:19:42.593+01:00  INFO 63954 --- [booking-service] [ool-3-thread-12] o.d.c.kie.builder.impl.KieContainerImpl  : End creation of KieBase: defaultKieBase
2026-04-14T14:19:42.606+01:00  INFO 63954 --- [booking-service] [ool-3-thread-16] o.d.c.kie.builder.impl.KieContainerImpl  : End creation of KieBase: defaultKieBase
2026-04-14T14:19:42.607+01:00  INFO 63954 --- [booking-service] [ool-3-thread-12] c.t.b.service.GeofenceRulesService       : No ticket at entry: created StationEntryAction and notification for user load-user-12 at Sheffield
2026-04-14T14:19:42.607+01:00  INFO 63954 --- [booking-service] [ool-3-thread-11] o.d.c.kie.builder.impl.KieContainerImpl  : Start creation of KieBase: defaultKieBase
2026-04-14T14:19:42.610+01:00  INFO 63954 --- [booking-service] [ool-3-thread-17] o.d.c.kie.builder.impl.KieContainerImpl  : Start creation of KieBase: defaultKieBase
2026-04-14T14:19:42.612+01:00  INFO 63954 --- [booking-service] [ool-3-thread-16] c.t.b.service.GeofenceRulesService       : No ticket at entry: created StationEntryAction and notification for user load-user-16 at Sheffield
2026-04-14T14:19:42.606+01:00  INFO 63954 --- [booking-service] [ool-3-thread-10] o.d.c.kie.builder.impl.KieContainerImpl  : End creation of KieBase: defaultKieBase
2026-04-14T14:19:42.617+01:00  INFO 63954 --- [booking-service] [ool-3-thread-11] o.d.c.kie.builder.impl.KieContainerImpl  : End creation of KieBase: defaultKieBase
2026-04-14T14:19:42.618+01:00  INFO 63954 --- [booking-service] [ool-3-thread-17] o.d.c.kie.builder.impl.KieContainerImpl  : End creation of KieBase: defaultKieBase
2026-04-14T14:19:42.619+01:00  INFO 63954 --- [booking-service] [ool-3-thread-14] o.d.c.kie.builder.impl.KieContainerImpl  : End creation of KieBase: defaultKieBase
2026-04-14T14:19:42.620+01:00  INFO 63954 --- [booking-service] [ool-3-thread-15] o.d.c.kie.builder.impl.KieContainerImpl  : Start creation of KieBase: defaultKieBase
2026-04-14T14:19:42.633+01:00  INFO 63954 --- [booking-service] [ool-3-thread-17] c.t.b.service.GeofenceRulesService       : No ticket at entry: created StationEntryAction and notification for user load-user-17 at Sheffield
2026-04-14T14:19:42.626+01:00  INFO 63954 --- [booking-service] [ool-3-thread-13] c.t.b.service.GeofenceRulesService       : No ticket at entry: created StationEntryAction and notification for user load-user-13 at Sheffield
2026-04-14T14:19:42.635+01:00  INFO 63954 --- [booking-service] [ool-3-thread-11] c.t.b.service.GeofenceRulesService       : No ticket at entry: created StationEntryAction and notification for user load-user-11 at Sheffield
2026-04-14T14:19:42.638+01:00  INFO 63954 --- [booking-service] [ool-3-thread-15] o.d.c.kie.builder.impl.KieContainerImpl  : End creation of KieBase: defaultKieBase
2026-04-14T14:19:42.644+01:00  INFO 63954 --- [booking-service] [ool-3-thread-10] c.t.b.service.GeofenceRulesService       : No ticket at entry: created StationEntryAction and notification for user load-user-10 at Sheffield
2026-04-14T14:19:42.653+01:00  INFO 63954 --- [booking-service] [ool-3-thread-14] c.t.b.service.GeofenceRulesService       : No ticket at entry: created StationEntryAction and notification for user load-user-14 at Sheffield
2026-04-14T14:19:42.674+01:00  INFO 63954 --- [booking-service] [ool-3-thread-15] c.t.b.service.GeofenceRulesService       : No ticket at entry: created StationEntryAction and notification for user load-user-15 at Sheffield
2026-04-14T14:19:42.704+01:00  INFO 63954 --- [booking-service] [ool-3-thread-18] o.d.c.kie.builder.impl.KieContainerImpl  : Start creation of KieBase: defaultKieBase
2026-04-14T14:19:42.719+01:00  INFO 63954 --- [booking-service] [ool-3-thread-18] o.d.c.kie.builder.impl.KieContainerImpl  : End creation of KieBase: defaultKieBase
2026-04-14T14:19:42.752+01:00  INFO 63954 --- [booking-service] [ool-3-thread-18] c.t.b.service.GeofenceRulesService       : No ticket at entry: created StationEntryAction and notification for user load-user-18 at Sheffield
2026-04-14T14:19:42.760+01:00  INFO 63954 --- [booking-service] [ool-3-thread-23] o.d.c.kie.builder.impl.KieContainerImpl  : Start creation of KieBase: defaultKieBase
2026-04-14T14:19:42.770+01:00  INFO 63954 --- [booking-service] [ool-3-thread-25] o.d.c.kie.builder.impl.KieContainerImpl  : Start creation of KieBase: defaultKieBase
2026-04-14T14:19:42.772+01:00  INFO 63954 --- [booking-service] [ool-3-thread-26] o.d.c.kie.builder.impl.KieContainerImpl  : Start creation of KieBase: defaultKieBase
2026-04-14T14:19:42.775+01:00  INFO 63954 --- [booking-service] [ool-3-thread-25] o.d.c.kie.builder.impl.KieContainerImpl  : End creation of KieBase: defaultKieBase
2026-04-14T14:19:42.775+01:00  INFO 63954 --- [booking-service] [ool-3-thread-22] o.d.c.kie.builder.impl.KieContainerImpl  : Start creation of KieBase: defaultKieBase
2026-04-14T14:19:42.776+01:00  INFO 63954 --- [booking-service] [ool-3-thread-23] o.d.c.kie.builder.impl.KieContainerImpl  : End creation of KieBase: defaultKieBase
2026-04-14T14:19:42.780+01:00  INFO 63954 --- [booking-service] [ool-3-thread-26] o.d.c.kie.builder.impl.KieContainerImpl  : End creation of KieBase: defaultKieBase
2026-04-14T14:19:42.780+01:00  INFO 63954 --- [booking-service] [ool-3-thread-25] c.t.b.service.GeofenceRulesService       : No ticket at entry: created StationEntryAction and notification for user load-user-25 at Sheffield
2026-04-14T14:19:42.782+01:00  INFO 63954 --- [booking-service] [ool-3-thread-23] c.t.b.service.GeofenceRulesService       : No ticket at entry: created StationEntryAction and notification for user load-user-23 at Sheffield
2026-04-14T14:19:42.784+01:00  INFO 63954 --- [booking-service] [ool-3-thread-22] o.d.c.kie.builder.impl.KieContainerImpl  : End creation of KieBase: defaultKieBase
2026-04-14T14:19:42.785+01:00  INFO 63954 --- [booking-service] [ool-3-thread-19] o.d.c.kie.builder.impl.KieContainerImpl  : Start creation of KieBase: defaultKieBase
2026-04-14T14:19:42.791+01:00  INFO 63954 --- [booking-service] [ool-3-thread-22] c.t.b.service.GeofenceRulesService       : No ticket at entry: created StationEntryAction and notification for user load-user-22 at Sheffield
2026-04-14T14:19:42.793+01:00  INFO 63954 --- [booking-service] [ool-3-thread-19] o.d.c.kie.builder.impl.KieContainerImpl  : End creation of KieBase: defaultKieBase
2026-04-14T14:19:42.795+01:00  INFO 63954 --- [booking-service] [ool-3-thread-20] o.d.c.kie.builder.impl.KieContainerImpl  : Start creation of KieBase: defaultKieBase
2026-04-14T14:19:42.797+01:00  INFO 63954 --- [booking-service] [ool-3-thread-24] o.d.c.kie.builder.impl.KieContainerImpl  : Start creation of KieBase: defaultKieBase
2026-04-14T14:19:42.803+01:00  INFO 63954 --- [booking-service] [ool-3-thread-20] o.d.c.kie.builder.impl.KieContainerImpl  : End creation of KieBase: defaultKieBase
2026-04-14T14:19:42.806+01:00  INFO 63954 --- [booking-service] [ool-3-thread-19] c.t.b.service.GeofenceRulesService       : No ticket at entry: created StationEntryAction and notification for user load-user-19 at Sheffield
2026-04-14T14:19:42.807+01:00  INFO 63954 --- [booking-service] [ool-3-thread-24] o.d.c.kie.builder.impl.KieContainerImpl  : End creation of KieBase: defaultKieBase
2026-04-14T14:19:42.807+01:00  INFO 63954 --- [booking-service] [ool-3-thread-21] o.d.c.kie.builder.impl.KieContainerImpl  : Start creation of KieBase: defaultKieBase
2026-04-14T14:19:42.809+01:00  INFO 63954 --- [booking-service] [ool-3-thread-26] c.t.b.service.GeofenceRulesService       : No ticket at entry: created StationEntryAction and notification for user load-user-26 at Sheffield
2026-04-14T14:19:42.808+01:00  INFO 63954 --- [booking-service] [ool-3-thread-20] c.t.b.service.GeofenceRulesService       : No ticket at entry: created StationEntryAction and notification for user load-user-20 at Sheffield
2026-04-14T14:19:42.815+01:00  INFO 63954 --- [booking-service] [ool-3-thread-21] o.d.c.kie.builder.impl.KieContainerImpl  : End creation of KieBase: defaultKieBase
2026-04-14T14:19:42.817+01:00  INFO 63954 --- [booking-service] [ool-3-thread-24] c.t.b.service.GeofenceRulesService       : No ticket at entry: created StationEntryAction and notification for user load-user-24 at Sheffield
2026-04-14T14:19:42.823+01:00  INFO 63954 --- [booking-service] [ool-3-thread-21] c.t.b.service.GeofenceRulesService       : No ticket at entry: created StationEntryAction and notification for user load-user-21 at Sheffield
2026-04-14T14:19:42.830+01:00  INFO 63954 --- [booking-service] [ool-3-thread-27] o.d.c.kie.builder.impl.KieContainerImpl  : Start creation of KieBase: defaultKieBase
2026-04-14T14:19:42.839+01:00  INFO 63954 --- [booking-service] [ool-3-thread-27] o.d.c.kie.builder.impl.KieContainerImpl  : End creation of KieBase: defaultKieBase
2026-04-14T14:19:42.845+01:00  INFO 63954 --- [booking-service] [ool-3-thread-27] c.t.b.service.GeofenceRulesService       : No ticket at entry: created StationEntryAction and notification for user load-user-27 at Sheffield
2026-04-14T14:19:42.877+01:00  INFO 63954 --- [booking-service] [ool-3-thread-30] o.d.c.kie.builder.impl.KieContainerImpl  : Start creation of KieBase: defaultKieBase
2026-04-14T14:19:42.883+01:00  INFO 63954 --- [booking-service] [ool-3-thread-29] o.d.c.kie.builder.impl.KieContainerImpl  : Start creation of KieBase: defaultKieBase
2026-04-14T14:19:42.885+01:00  INFO 63954 --- [booking-service] [ool-3-thread-30] o.d.c.kie.builder.impl.KieContainerImpl  : End creation of KieBase: defaultKieBase
2026-04-14T14:19:42.891+01:00  INFO 63954 --- [booking-service] [ool-3-thread-29] o.d.c.kie.builder.impl.KieContainerImpl  : End creation of KieBase: defaultKieBase
2026-04-14T14:19:42.891+01:00  INFO 63954 --- [booking-service] [ool-3-thread-30] c.t.b.service.GeofenceRulesService       : No ticket at entry: created StationEntryAction and notification for user load-user-30 at Sheffield
2026-04-14T14:19:42.893+01:00  INFO 63954 --- [booking-service] [ool-3-thread-31] o.d.c.kie.builder.impl.KieContainerImpl  : Start creation of KieBase: defaultKieBase
2026-04-14T14:19:42.895+01:00  INFO 63954 --- [booking-service] [ool-3-thread-33] o.d.c.kie.builder.impl.KieContainerImpl  : Start creation of KieBase: defaultKieBase
2026-04-14T14:19:42.898+01:00  INFO 63954 --- [booking-service] [ool-3-thread-31] o.d.c.kie.builder.impl.KieContainerImpl  : End creation of KieBase: defaultKieBase
2026-04-14T14:19:42.899+01:00  INFO 63954 --- [booking-service] [ool-3-thread-33] o.d.c.kie.builder.impl.KieContainerImpl  : End creation of KieBase: defaultKieBase
2026-04-14T14:19:42.900+01:00  INFO 63954 --- [booking-service] [ool-3-thread-32] o.d.c.kie.builder.impl.KieContainerImpl  : Start creation of KieBase: defaultKieBase
2026-04-14T14:19:42.904+01:00  INFO 63954 --- [booking-service] [ool-3-thread-31] c.t.b.service.GeofenceRulesService       : No ticket at entry: created StationEntryAction and notification for user load-user-31 at Sheffield
2026-04-14T14:19:42.905+01:00  INFO 63954 --- [booking-service] [ool-3-thread-33] c.t.b.service.GeofenceRulesService       : No ticket at entry: created StationEntryAction and notification for user load-user-33 at Sheffield
2026-04-14T14:19:42.905+01:00  INFO 63954 --- [booking-service] [ool-3-thread-32] o.d.c.kie.builder.impl.KieContainerImpl  : End creation of KieBase: defaultKieBase
2026-04-14T14:19:42.910+01:00  INFO 63954 --- [booking-service] [ool-3-thread-35] o.d.c.kie.builder.impl.KieContainerImpl  : Start creation of KieBase: defaultKieBase
2026-04-14T14:19:42.911+01:00  INFO 63954 --- [booking-service] [ool-3-thread-32] c.t.b.service.GeofenceRulesService       : No ticket at entry: created StationEntryAction and notification for user load-user-32 at Sheffield
2026-04-14T14:19:42.914+01:00  INFO 63954 --- [booking-service] [ool-3-thread-29] c.t.b.service.GeofenceRulesService       : No ticket at entry: created StationEntryAction and notification for user load-user-29 at Sheffield
2026-04-14T14:19:42.915+01:00  INFO 63954 --- [booking-service] [ool-3-thread-34] o.d.c.kie.builder.impl.KieContainerImpl  : Start creation of KieBase: defaultKieBase
2026-04-14T14:19:42.928+01:00  INFO 63954 --- [booking-service] [ool-3-thread-35] o.d.c.kie.builder.impl.KieContainerImpl  : End creation of KieBase: defaultKieBase
2026-04-14T14:19:42.931+01:00  INFO 63954 --- [booking-service] [ool-3-thread-36] o.d.c.kie.builder.impl.KieContainerImpl  : Start creation of KieBase: defaultKieBase
2026-04-14T14:19:42.936+01:00  INFO 63954 --- [booking-service] [ool-3-thread-35] c.t.b.service.GeofenceRulesService       : No ticket at entry: created StationEntryAction and notification for user load-user-35 at Sheffield
2026-04-14T14:19:42.938+01:00  INFO 63954 --- [booking-service] [ool-3-thread-34] o.d.c.kie.builder.impl.KieContainerImpl  : End creation of KieBase: defaultKieBase
2026-04-14T14:19:42.938+01:00  INFO 63954 --- [booking-service] [ool-3-thread-36] o.d.c.kie.builder.impl.KieContainerImpl  : End creation of KieBase: defaultKieBase
2026-04-14T14:19:42.946+01:00  INFO 63954 --- [booking-service] [ool-3-thread-28] o.d.c.kie.builder.impl.KieContainerImpl  : Start creation of KieBase: defaultKieBase
2026-04-14T14:19:42.954+01:00  INFO 63954 --- [booking-service] [ool-3-thread-36] c.t.b.service.GeofenceRulesService       : No ticket at entry: created StationEntryAction and notification for user load-user-36 at Sheffield
2026-04-14T14:19:42.961+01:00  INFO 63954 --- [booking-service] [ool-3-thread-34] c.t.b.service.GeofenceRulesService       : No ticket at entry: created StationEntryAction and notification for user load-user-34 at Sheffield
2026-04-14T14:19:42.971+01:00  INFO 63954 --- [booking-service] [ool-3-thread-28] o.d.c.kie.builder.impl.KieContainerImpl  : End creation of KieBase: defaultKieBase
2026-04-14T14:19:42.978+01:00  INFO 63954 --- [booking-service] [ool-3-thread-28] c.t.b.service.GeofenceRulesService       : No ticket at entry: created StationEntryAction and notification for user load-user-28 at Sheffield
2026-04-14T14:19:42.996+01:00  INFO 63954 --- [booking-service] [ool-3-thread-37] o.d.c.kie.builder.impl.KieContainerImpl  : Start creation of KieBase: defaultKieBase
2026-04-14T14:19:43.001+01:00  INFO 63954 --- [booking-service] [ool-3-thread-40] o.d.c.kie.builder.impl.KieContainerImpl  : Start creation of KieBase: defaultKieBase
2026-04-14T14:19:43.005+01:00  INFO 63954 --- [booking-service] [ool-3-thread-37] o.d.c.kie.builder.impl.KieContainerImpl  : End creation of KieBase: defaultKieBase
2026-04-14T14:19:43.007+01:00  INFO 63954 --- [booking-service] [ool-3-thread-38] o.d.c.kie.builder.impl.KieContainerImpl  : Start creation of KieBase: defaultKieBase
2026-04-14T14:19:43.012+01:00  INFO 63954 --- [booking-service] [ool-3-thread-43] o.d.c.kie.builder.impl.KieContainerImpl  : Start creation of KieBase: defaultKieBase
2026-04-14T14:19:43.012+01:00  INFO 63954 --- [booking-service] [ool-3-thread-41] o.d.c.kie.builder.impl.KieContainerImpl  : Start creation of KieBase: defaultKieBase
2026-04-14T14:19:43.014+01:00  INFO 63954 --- [booking-service] [ool-3-thread-37] c.t.b.service.GeofenceRulesService       : No ticket at entry: created StationEntryAction and notification for user load-user-37 at Sheffield
2026-04-14T14:19:43.015+01:00  INFO 63954 --- [booking-service] [ool-3-thread-42] o.d.c.kie.builder.impl.KieContainerImpl  : Start creation of KieBase: defaultKieBase
2026-04-14T14:19:43.017+01:00  INFO 63954 --- [booking-service] [ool-3-thread-43] o.d.c.kie.builder.impl.KieContainerImpl  : End creation of KieBase: defaultKieBase
2026-04-14T14:19:43.017+01:00  INFO 63954 --- [booking-service] [ool-3-thread-40] o.d.c.kie.builder.impl.KieContainerImpl  : End creation of KieBase: defaultKieBase
2026-04-14T14:19:43.020+01:00  INFO 63954 --- [booking-service] [ool-3-thread-38] o.d.c.kie.builder.impl.KieContainerImpl  : End creation of KieBase: defaultKieBase
2026-04-14T14:19:43.022+01:00  INFO 63954 --- [booking-service] [ool-3-thread-43] c.t.b.service.GeofenceRulesService       : No ticket at entry: created StationEntryAction and notification for user load-user-43 at Sheffield
2026-04-14T14:19:43.023+01:00  INFO 63954 --- [booking-service] [ool-3-thread-42] o.d.c.kie.builder.impl.KieContainerImpl  : End creation of KieBase: defaultKieBase
2026-04-14T14:19:43.025+01:00  INFO 63954 --- [booking-service] [ool-3-thread-39] o.d.c.kie.builder.impl.KieContainerImpl  : Start creation of KieBase: defaultKieBase
2026-04-14T14:19:43.027+01:00  INFO 63954 --- [booking-service] [ool-3-thread-38] c.t.b.service.GeofenceRulesService       : No ticket at entry: created StationEntryAction and notification for user load-user-38 at Sheffield
2026-04-14T14:19:43.030+01:00  INFO 63954 --- [booking-service] [ool-3-thread-40] c.t.b.service.GeofenceRulesService       : No ticket at entry: created StationEntryAction and notification for user load-user-40 at Sheffield
2026-04-14T14:19:43.030+01:00  INFO 63954 --- [booking-service] [ool-3-thread-41] o.d.c.kie.builder.impl.KieContainerImpl  : End creation of KieBase: defaultKieBase
2026-04-14T14:19:43.031+01:00  INFO 63954 --- [booking-service] [ool-3-thread-39] o.d.c.kie.builder.impl.KieContainerImpl  : End creation of KieBase: defaultKieBase
2026-04-14T14:19:43.037+01:00  INFO 63954 --- [booking-service] [ool-3-thread-44] o.d.c.kie.builder.impl.KieContainerImpl  : Start creation of KieBase: defaultKieBase
2026-04-14T14:19:43.038+01:00  INFO 63954 --- [booking-service] [ool-3-thread-41] c.t.b.service.GeofenceRulesService       : No ticket at entry: created StationEntryAction and notification for user load-user-41 at Sheffield
2026-04-14T14:19:43.040+01:00  INFO 63954 --- [booking-service] [ool-3-thread-39] c.t.b.service.GeofenceRulesService       : No ticket at entry: created StationEntryAction and notification for user load-user-39 at Sheffield
2026-04-14T14:19:43.043+01:00  INFO 63954 --- [booking-service] [ool-3-thread-44] o.d.c.kie.builder.impl.KieContainerImpl  : End creation of KieBase: defaultKieBase
2026-04-14T14:19:43.046+01:00  INFO 63954 --- [booking-service] [ool-3-thread-42] c.t.b.service.GeofenceRulesService       : No ticket at entry: created StationEntryAction and notification for user load-user-42 at Sheffield
2026-04-14T14:19:43.047+01:00  INFO 63954 --- [booking-service] [ool-3-thread-45] o.d.c.kie.builder.impl.KieContainerImpl  : Start creation of KieBase: defaultKieBase
2026-04-14T14:19:43.048+01:00  INFO 63954 --- [booking-service] [ool-3-thread-44] c.t.b.service.GeofenceRulesService       : No ticket at entry: created StationEntryAction and notification for user load-user-44 at Sheffield
2026-04-14T14:19:43.058+01:00  INFO 63954 --- [booking-service] [ool-3-thread-45] o.d.c.kie.builder.impl.KieContainerImpl  : End creation of KieBase: defaultKieBase
2026-04-14T14:19:43.094+01:00  INFO 63954 --- [booking-service] [ool-3-thread-45] c.t.b.service.GeofenceRulesService       : No ticket at entry: created StationEntryAction and notification for user load-user-45 at Sheffield
2026-04-14T14:19:43.107+01:00  INFO 63954 --- [booking-service] [ool-3-thread-47] o.d.c.kie.builder.impl.KieContainerImpl  : Start creation of KieBase: defaultKieBase
2026-04-14T14:19:43.117+01:00  INFO 63954 --- [booking-service] [ool-3-thread-46] o.d.c.kie.builder.impl.KieContainerImpl  : Start creation of KieBase: defaultKieBase
2026-04-14T14:19:43.119+01:00  INFO 63954 --- [booking-service] [ool-3-thread-47] o.d.c.kie.builder.impl.KieContainerImpl  : End creation of KieBase: defaultKieBase
2026-04-14T14:19:43.116+01:00  INFO 63954 --- [booking-service] [ool-3-thread-49] o.d.c.kie.builder.impl.KieContainerImpl  : Start creation of KieBase: defaultKieBase
2026-04-14T14:19:43.126+01:00  INFO 63954 --- [booking-service] [ool-3-thread-46] o.d.c.kie.builder.impl.KieContainerImpl  : End creation of KieBase: defaultKieBase
2026-04-14T14:19:43.130+01:00  INFO 63954 --- [booking-service] [ool-3-thread-49] o.d.c.kie.builder.impl.KieContainerImpl  : End creation of KieBase: defaultKieBase
2026-04-14T14:19:43.137+01:00  INFO 63954 --- [booking-service] [ool-3-thread-46] c.t.b.service.GeofenceRulesService       : No ticket at entry: created StationEntryAction and notification for user load-user-46 at Sheffield
2026-04-14T14:19:43.138+01:00  INFO 63954 --- [booking-service] [ool-3-thread-47] c.t.b.service.GeofenceRulesService       : No ticket at entry: created StationEntryAction and notification for user load-user-47 at Sheffield
2026-04-14T14:19:43.138+01:00  INFO 63954 --- [booking-service] [ool-3-thread-50] o.d.c.kie.builder.impl.KieContainerImpl  : Start creation of KieBase: defaultKieBase
2026-04-14T14:19:43.138+01:00  INFO 63954 --- [booking-service] [ool-3-thread-48] o.d.c.kie.builder.impl.KieContainerImpl  : Start creation of KieBase: defaultKieBase
2026-04-14T14:19:43.141+01:00  INFO 63954 --- [booking-service] [ool-3-thread-49] c.t.b.service.GeofenceRulesService       : No ticket at entry: created StationEntryAction and notification for user load-user-49 at Sheffield
2026-04-14T14:19:43.142+01:00  INFO 63954 --- [booking-service] [ool-3-thread-50] o.d.c.kie.builder.impl.KieContainerImpl  : End creation of KieBase: defaultKieBase
2026-04-14T14:19:43.142+01:00  INFO 63954 --- [booking-service] [ool-3-thread-48] o.d.c.kie.builder.impl.KieContainerImpl  : End creation of KieBase: defaultKieBase
2026-04-14T14:19:43.154+01:00  INFO 63954 --- [booking-service] [ool-3-thread-48] c.t.b.service.GeofenceRulesService       : No ticket at entry: created StationEntryAction and notification for user load-user-48 at Sheffield
2026-04-14T14:19:43.155+01:00  INFO 63954 --- [booking-service] [ool-3-thread-50] c.t.b.service.GeofenceRulesService       : No ticket at entry: created StationEntryAction and notification for user load-user-50 at Sheffield
]]></system-out>
  </testcase>
  <testcase name="demoResetAndReplay_exposeDeterministicScenarioControls" classname="com.train.booking.RailBookTestingMdIntegrationTest" time="0.335">
    <system-out><![CDATA[2026-04-14T14:19:43.221+01:00  INFO 63954 --- [booking-service] [           main] c.train.booking.service.PricingService   : Pricing via Drools: tripId=1 tier=ANYTIME price=10.00
2026-04-14T14:19:43.257+01:00  INFO 63954 --- [booking-service] [           main] c.train.booking.service.PricingService   : Pricing via Drools: tripId=1 tier=ANYTIME price=10.00
2026-04-14T14:19:43.293+01:00  INFO 63954 --- [booking-service] [           main] c.train.booking.service.PricingService   : Pricing via Drools: tripId=2 tier=ANYTIME price=10.00
2026-04-14T14:19:43.387+01:00  INFO 63954 --- [booking-service] [           main] o.d.c.kie.builder.impl.KieContainerImpl  : Start creation of KieBase: defaultKieBase
2026-04-14T14:19:43.391+01:00  INFO 63954 --- [booking-service] [           main] o.d.c.kie.builder.impl.KieContainerImpl  : End creation of KieBase: defaultKieBase
2026-04-14T14:19:43.445+01:00  INFO 63954 --- [booking-service] [           main] o.d.c.kie.builder.impl.KieContainerImpl  : Start creation of KieBase: defaultKieBase
2026-04-14T14:19:43.449+01:00  INFO 63954 --- [booking-service] [           main] o.d.c.kie.builder.impl.KieContainerImpl  : End creation of KieBase: defaultKieBase
2026-04-14T14:19:43.454+01:00  INFO 63954 --- [booking-service] [           main] c.t.b.service.GeofenceRulesService       : No ticket at entry: created StationEntryAction and notification for user demo-lowquality-01 at Sheffield
2026-04-14T14:19:43.455+01:00  INFO 63954 --- [booking-service] [           main] c.t.b.p.farepolicy.FarePolicyConsumer    : platformTrace module=fare-policy action=JourneySegmentConfirmed outcome=received correlationId=demo-lowquality-corr-1 eventId=aa61af3e-b24a-493c-abc3-d1f6d9fde366 userId=demo-lowquality-01
2026-04-14T14:19:43.481+01:00  INFO 63954 --- [booking-service] [           main] c.t.b.event.TripSegmentEventListener     : EVENT TripSegmentCreated: passenger=demo-lowquality-01 Leeds→Sheffield fareStatus=PAID
2026-04-14T14:19:43.482+01:00  INFO 63954 --- [booking-service] [           main] c.t.booking.service.TripSegmentService   : TripSegment PAID: passenger=demo-lowquality-01 Leeds→Sheffield
2026-04-14T14:19:43.492+01:00  INFO 63954 --- [booking-service] [           main] c.t.b.p.farepolicy.FarePolicyConsumer    : platformTrace module=fare-policy action=FareValidated outcome=PAID correlationId=demo-lowquality-corr-1 eventId=aa61af3e-b24a-493c-abc3-d1f6d9fde366 userId=demo-lowquality-01
]]></system-out>
  </testcase>
  <testcase name="dynamicPricing_reserveUsesDroolsTier" classname="com.train.booking.RailBookTestingMdIntegrationTest" time="0.037">
    <system-out><![CDATA[2026-04-14T14:19:43.534+01:00  INFO 63954 --- [booking-service] [           main] c.train.booking.service.PricingService   : Pricing via Drools: tripId=2 tier=ANYTIME price=10.00
]]></system-out>
  </testcase>
  <testcase name="paymentFlow_reserveThenDemoPayment_thenReservationIsConfirmed" classname="com.train.booking.RailBookTestingMdIntegrationTest" time="0.043">
    <system-out><![CDATA[2026-04-14T14:19:43.575+01:00  INFO 63954 --- [booking-service] [           main] c.train.booking.service.PricingService   : Pricing via Drools: tripId=2 tier=ANYTIME price=10.00
2026-04-14T14:19:43.585+01:00  INFO 63954 --- [booking-service] [           main] c.t.b.service.PaymentGatewayService      : Demo payment: reservation 7 marked PAID and CONFIRMED
]]></system-out>
  </testcase>
</testsuite>